[2026-03-09T10:27:37.804Z] GET /api/notifications - Status 401 - Error: Not authorized, no token
Stack: Error: Not authorized, no token
    at file:///C:/Users/HOME/student-ID-generator/backend/routes/notificationRoutes.js:52:15
    at asyncUtilWrap (C:\Users\HOME\student-ID-generator\backend\node_modules\express-async-handler\index.js:3:20)
    at Layer.handle [as handle_request] (C:\Users\HOME\student-ID-generator\backend\node_modules\express\lib\router\layer.js:95:5)
    at next (C:\Users\HOME\student-ID-generator\backend\node_modules\express\lib\router\route.js:149:13)
    at Route.dispatch (C:\Users\HOME\student-ID-generator\backend\node_modules\express\lib\router\route.js:119:3)
    at Layer.handle [as handle_request] (C:\Users\HOME\student-ID-generator\backend\node_modules\express\lib\router\layer.js:95:5)
    at C:\Users\HOME\student-ID-generator\backend\node_modules\express\lib\router\index.js:284:15
    at Function.process_params (C:\Users\HOME\student-ID-generator\backend\node_modules\express\lib\router\index.js:346:12)
    at next (C:\Users\HOME\student-ID-generator\backend\node_modules\express\lib\router\index.js:280:10)
    at Function.handle (C:\Users\HOME\student-ID-generator\backend\node_modules\express\lib\router\index.js:175:3)

[2026-03-09T10:29:17.303Z] GET /api/notifications - Status 401 - Error: Not authorized, no token
Stack: Error: Not authorized, no token
    at file:///C:/Users/HOME/student-ID-generator/backend/routes/notificationRoutes.js:52:15
    at asyncUtilWrap (C:\Users\HOME\student-ID-generator\backend\node_modules\express-async-handler\index.js:3:20)
    at Layer.handle [as handle_request] (C:\Users\HOME\student-ID-generator\backend\node_modules\express\lib\router\layer.js:95:5)
    at next (C:\Users\HOME\student-ID-generator\backend\node_modules\express\lib\router\route.js:149:13)
    at Route.dispatch (C:\Users\HOME\student-ID-generator\backend\node_modules\express\lib\router\route.js:119:3)
    at Layer.handle [as handle_request] (C:\Users\HOME\student-ID-generator\backend\node_modules\express\lib\router\layer.js:95:5)
    at C:\Users\HOME\student-ID-generator\backend\node_modules\express\lib\router\index.js:284:15
    at Function.process_params (C:\Users\HOME\student-ID-generator\backend\node_modules\express\lib\router\index.js:346:12)
    at next (C:\Users\HOME\student-ID-generator\backend\node_modules\express\lib\router\index.js:280:10)
    at Function.handle (C:\Users\HOME\student-ID-generator\backend\node_modules\express\lib\router\index.js:175:3)

[2026-03-09T10:39:10.269Z] UNCAUGHT EXCEPTION: listen EADDRINUSE: address already in use :::5000
Stack: Error: listen EADDRINUSE: address already in use :::5000
    at Server.setupListenHandle [as _listen2] (node:net:1940:16)
    at listenInCluster (node:net:1997:12)
    at Server.listen (node:net:2102:7)
    at Function.listen (C:\Users\HOME\student-ID-generator\backend\node_modules\express\lib\application.js:635:24)
    at file:///C:/Users/HOME/student-ID-generator/backend/server.js:80:5
    at ModuleJob.run (node:internal/modules/esm/module_job:329:25)
    at async onImport.tracePromise.__proto__ (node:internal/modules/esm/loader:644:26)
    at async asyncRunEntryPointWithESMLoader (node:internal/modules/run_main:117:5)

[2026-03-09T13:52:21.638Z] UNCAUGHT EXCEPTION: listen EADDRINUSE: address already in use :::5000
Stack: Error: listen EADDRINUSE: address already in use :::5000
    at Server.setupListenHandle [as _listen2] (node:net:1940:16)
    at listenInCluster (node:net:1997:12)
    at Server.listen (node:net:2102:7)
    at Function.listen (C:\Users\HOME\student-ID-generator\backend\node_modules\express\lib\application.js:635:24)
    at file:///C:/Users/HOME/student-ID-generator/backend/server.js:80:5
    at ModuleJob.run (node:internal/modules/esm/module_job:329:25)
    at async onImport.tracePromise.__proto__ (node:internal/modules/esm/loader:644:26)
    at async asyncRunEntryPointWithESMLoader (node:internal/modules/run_main:117:5)

[2026-03-09T14:15:36.125Z] UNCAUGHT EXCEPTION: listen EADDRINUSE: address already in use :::5000
Stack: Error: listen EADDRINUSE: address already in use :::5000
    at Server.setupListenHandle [as _listen2] (node:net:1940:16)
    at listenInCluster (node:net:1997:12)
    at Server.listen (node:net:2102:7)
    at Function.listen (C:\Users\HOME\student-ID-generator\backend\node_modules\express\lib\application.js:635:24)
    at file:///C:/Users/HOME/student-ID-generator/backend/server.js:80:5
    at ModuleJob.run (node:internal/modules/esm/module_job:329:25)
    at async onImport.tracePromise.__proto__ (node:internal/modules/esm/loader:644:26)
    at async asyncRunEntryPointWithESMLoader (node:internal/modules/run_main:117:5)

[2026-03-09T14:16:51.019Z] UNCAUGHT EXCEPTION: listen EADDRINUSE: address already in use :::5000
Stack: Error: listen EADDRINUSE: address already in use :::5000
    at Server.setupListenHandle [as _listen2] (node:net:1940:16)
    at listenInCluster (node:net:1997:12)
    at Server.listen (node:net:2102:7)
    at Function.listen (C:\Users\HOME\student-ID-generator\backend\node_modules\express\lib\application.js:635:24)
    at file:///C:/Users/HOME/student-ID-generator/backend/server.js:80:5
    at ModuleJob.run (node:internal/modules/esm/module_job:329:25)
    at async onImport.tracePromise.__proto__ (node:internal/modules/esm/loader:644:26)
    at async asyncRunEntryPointWithESMLoader (node:internal/modules/run_main:117:5)

[2026-03-09T14:18:27.253Z] GET /api/students/profile - Status 401 - Error: Not authorized, token failed
Stack: Error: Not authorized, token failed
    at file:///C:/Users/HOME/student-ID-generator/backend/middleware/authMiddleware.js:58:19

[2026-03-09T14:18:29.405Z] GET /api/notifications - Status 401 - Error: Not authorized, token failed
Stack: Error: Not authorized, token failed
    at file:///C:/Users/HOME/student-ID-generator/backend/routes/notificationRoutes.js:46:19

[2026-03-09T14:18:29.426Z] GET /api/students - Status 401 - Error: Not authorized, token failed
Stack: Error: Not authorized, token failed
    at file:///C:/Users/HOME/student-ID-generator/backend/middleware/authMiddleware.js:27:19

[2026-03-09T14:18:29.434Z] UNCAUGHT EXCEPTION: EPIPE: broken pipe, write
Stack: Error: EPIPE: broken pipe, write
    at Socket._write (node:internal/net:63:18)
    at writeOrBuffer (node:internal/streams/writable:572:12)
    at _write (node:internal/streams/writable:501:10)
    at Writable.write (node:internal/streams/writable:510:10)
    at console.value (node:internal/console/constructor:298:16)
    at console.error (node:internal/console/constructor:412:26)
    at file:///C:/Users/HOME/student-ID-generator/backend/middleware/authMiddleware.js:25:21

[2026-03-09T15:04:35.442Z] GET /api/notifications - Status 401 - Error: Not authorized, token failed
Stack: Error: Not authorized, token failed
    at file:///C:/Users/HOME/student-ID-generator/backend/routes/notificationRoutes.js:46:19
    at asyncUtilWrap (C:\Users\HOME\student-ID-generator\backend\node_modules\express-async-handler\index.js:3:20)
    at Layer.handle [as handle_request] (C:\Users\HOME\student-ID-generator\backend\node_modules\express\lib\router\layer.js:95:5)
    at next (C:\Users\HOME\student-ID-generator\backend\node_modules\express\lib\router\route.js:149:13)
    at Route.dispatch (C:\Users\HOME\student-ID-generator\backend\node_modules\express\lib\router\route.js:119:3)
    at Layer.handle [as handle_request] (C:\Users\HOME\student-ID-generator\backend\node_modules\express\lib\router\layer.js:95:5)
    at C:\Users\HOME\student-ID-generator\backend\node_modules\express\lib\router\index.js:284:15
    at Function.process_params (C:\Users\HOME\student-ID-generator\backend\node_modules\express\lib\router\index.js:346:12)
    at next (C:\Users\HOME\student-ID-generator\backend\node_modules\express\lib\router\index.js:280:10)
    at Function.handle (C:\Users\HOME\student-ID-generator\backend\node_modules\express\lib\router\index.js:175:3)

[2026-03-09T15:05:51.040Z] GET /api/notifications - Status 401 - Error: Not authorized, token failed
Stack: Error: Not authorized, token failed
    at file:///C:/Users/HOME/student-ID-generator/backend/routes/notificationRoutes.js:46:19
    at asyncUtilWrap (C:\Users\HOME\student-ID-generator\backend\node_modules\express-async-handler\index.js:3:20)
    at Layer.handle [as handle_request] (C:\Users\HOME\student-ID-generator\backend\node_modules\express\lib\router\layer.js:95:5)
    at next (C:\Users\HOME\student-ID-generator\backend\node_modules\express\lib\router\route.js:149:13)
    at Route.dispatch (C:\Users\HOME\student-ID-generator\backend\node_modules\express\lib\router\route.js:119:3)
    at Layer.handle [as handle_request] (C:\Users\HOME\student-ID-generator\backend\node_modules\express\lib\router\layer.js:95:5)
    at C:\Users\HOME\student-ID-generator\backend\node_modules\express\lib\router\index.js:284:15
    at Function.process_params (C:\Users\HOME\student-ID-generator\backend\node_modules\express\lib\router\index.js:346:12)
    at next (C:\Users\HOME\student-ID-generator\backend\node_modules\express\lib\router\index.js:280:10)
    at Function.handle (C:\Users\HOME\student-ID-generator\backend\node_modules\express\lib\router\index.js:175:3)

[2026-03-09T15:06:50.777Z] GET /api/notifications - Status 401 - Error: Not authorized, token failed: jwt malformed
Stack: Error: Not authorized, token failed: jwt malformed
    at file:///C:/Users/HOME/student-ID-generator/backend/routes/notificationRoutes.js:46:19
    at asyncUtilWrap (C:\Users\HOME\student-ID-generator\backend\node_modules\express-async-handler\index.js:3:20)
    at Layer.handle [as handle_request] (C:\Users\HOME\student-ID-generator\backend\node_modules\express\lib\router\layer.js:95:5)
    at next (C:\Users\HOME\student-ID-generator\backend\node_modules\express\lib\router\route.js:149:13)
    at Route.dispatch (C:\Users\HOME\student-ID-generator\backend\node_modules\express\lib\router\route.js:119:3)
    at Layer.handle [as handle_request] (C:\Users\HOME\student-ID-generator\backend\node_modules\express\lib\router\layer.js:95:5)
    at C:\Users\HOME\student-ID-generator\backend\node_modules\express\lib\router\index.js:284:15
    at Function.process_params (C:\Users\HOME\student-ID-generator\backend\node_modules\express\lib\router\index.js:346:12)
    at next (C:\Users\HOME\student-ID-generator\backend\node_modules\express\lib\router\index.js:280:10)
    at Function.handle (C:\Users\HOME\student-ID-generator\backend\node_modules\express\lib\router\index.js:175:3)

[2026-03-09T15:15:24.735Z] GET /api/notifications - Status 401 - Error: Not authorized, token failed: jwt malformed
Headers: {
  "host": "localhost:5000",
  "user-agent": "curl/8.16.0",
  "accept": "*/*",
  "authorization": "Bearer fake_token"
}
Body: {}
Stack: Error: Not authorized, token failed: jwt malformed
    at file:///C:/Users/HOME/student-ID-generator/backend/routes/notificationRoutes.js:46:19
    at asyncUtilWrap (C:\Users\HOME\student-ID-generator\backend\node_modules\express-async-handler\index.js:3:20)
    at Layer.handle [as handle_request] (C:\Users\HOME\student-ID-generator\backend\node_modules\express\lib\router\layer.js:95:5)
    at next (C:\Users\HOME\student-ID-generator\backend\node_modules\express\lib\router\route.js:149:13)
    at Route.dispatch (C:\Users\HOME\student-ID-generator\backend\node_modules\express\lib\router\route.js:119:3)
    at Layer.handle [as handle_request] (C:\Users\HOME\student-ID-generator\backend\node_modules\express\lib\router\layer.js:95:5)
    at C:\Users\HOME\student-ID-generator\backend\node_modules\express\lib\router\index.js:284:15
    at Function.process_params (C:\Users\HOME\student-ID-generator\backend\node_modules\express\lib\router\index.js:346:12)
    at next (C:\Users\HOME\student-ID-generator\backend\node_modules\express\lib\router\index.js:280:10)
    at Function.handle (C:\Users\HOME\student-ID-generator\backend\node_modules\express\lib\router\index.js:175:3)

[2026-03-09T15:17:54.081Z] POST /api/students/login - Status 400 - Error: Expected property name or '}' in JSON at position 1 (line 1 column 2)
Headers: {
  "host": "localhost:5000",
  "user-agent": "curl/8.16.0",
  "accept": "*/*",
  "content-type": "application/json",
  "content-length": "2"
}
Body: {}
Stack: SyntaxError: Expected property name or '}' in JSON at position 1 (line 1 column 2)
    at JSON.parse (<anonymous>)
    at parse (C:\Users\HOME\student-ID-generator\backend\node_modules\body-parser\lib\types\json.js:92:19)
    at C:\Users\HOME\student-ID-generator\backend\node_modules\body-parser\lib\read.js:128:18
    at AsyncResource.runInAsyncScope (node:async_hooks:214:14)
    at invokeCallback (C:\Users\HOME\student-ID-generator\backend\node_modules\raw-body\index.js:238:16)
    at done (C:\Users\HOME\student-ID-generator\backend\node_modules\raw-body\index.js:227:7)
    at IncomingMessage.onEnd (C:\Users\HOME\student-ID-generator\backend\node_modules\raw-body\index.js:287:7)
    at IncomingMessage.emit (node:events:518:28)
    at endReadableNT (node:internal/streams/readable:1698:12)
    at process.processTicksAndRejections (node:internal/process/task_queues:90:21)

[2026-03-09T15:19:00.101Z] POST /api/students/login - Status 401 - Error: Invalid Register Number or Name
Headers: {
  "host": "localhost:5000",
  "connection": "keep-alive",
  "content-type": "application/json",
  "accept": "*/*",
  "accept-language": "*",
  "sec-fetch-mode": "cors",
  "user-agent": "node",
  "accept-encoding": "gzip, deflate",
  "content-length": "51"
}
Body: {
  "registerNumber": "7376232CB155",
  "name": "SUBIKSHA"
}
Stack: Error: Invalid Register Number or Name
    at file:///C:/Users/HOME/student-ID-generator/backend/controllers/authController.js:92:15
    at process.processTicksAndRejections (node:internal/process/task_queues:105:5)

[2026-03-09T15:22:47.521Z] UNCAUGHT EXCEPTION: listen EADDRINUSE: address already in use :::5000
Stack: Error: listen EADDRINUSE: address already in use :::5000
    at Server.setupListenHandle [as _listen2] (node:net:1940:16)
    at listenInCluster (node:net:1997:12)
    at Server.listen (node:net:2102:7)
    at Function.listen (C:\Users\HOME\student-ID-generator\backend\node_modules\express\lib\application.js:635:24)
    at file:///C:/Users/HOME/student-ID-generator/backend/server.js:83:5
    at ModuleJob.run (node:internal/modules/esm/module_job:329:25)
    at async onImport.tracePromise.__proto__ (node:internal/modules/esm/loader:644:26)
    at async asyncRunEntryPointWithESMLoader (node:internal/modules/run_main:117:5)

[2026-03-09T15:33:00.651Z] UNHANDLED REJECTION: [object Object]

[2026-03-09T15:33:00.670Z] PUT /api/students/profile - Status 500 - Error: getaddrinfo ENOTFOUND api.cloudinary.com
Headers: {
  "host": "localhost:5000",
  "connection": "close",
  "content-length": "17165",
  "sec-ch-ua-platform": "\"Windows\"",
  "authorization": "Bearer eyJhbGciOiJIUzI1NiIsInR5cCI6IkpXVCJ9.eyJpZCI6IjY5YWU4Yjc5YjhkN2JhNmM1NzJiZTk1ZSIsImlhdCI6MTc3MzA3MDMyOSwiZXhwIjoxNzc1NjYyMzI5fQ.pa85KY3UxL9Lf6Bg7g3mIaa_Uk7igFyvv1IoHRv2tl8",
  "user-agent": "Mozilla/5.0 (Windows NT 10.0; Win64; x64) AppleWebKit/537.36 (KHTML, like Gecko) Chrome/145.0.0.0 Safari/537.36",
  "accept": "application/json, text/plain, */*",
  "sec-ch-ua": "\"Not:A-Brand\";v=\"99\", \"Google Chrome\";v=\"145\", \"Chromium\";v=\"145\"",
  "content-type": "multipart/form-data; boundary=----WebKitFormBoundaryBBpiQXlN43FOlsyD",
  "sec-ch-ua-mobile": "?0",
  "origin": "http://localhost:5173",
  "sec-fetch-site": "same-origin",
  "sec-fetch-mode": "cors",
  "sec-fetch-dest": "empty",
  "referer": "http://localhost:5173/student-dashboard",
  "accept-encoding": "gzip, deflate, br, zstd",
  "accept-language": "en-GB,en-US;q=0.9,en;q=0.8,ta;q=0.7"
}
Body: {
  "name": "SOWBHARANIGA D",
  "registerNumber": "7376232CB151",
  "department": "COMPUTER SCIENCE AND BUSINESS SYSTEMS",
  "year": "III",
  "dob": "2005-10-19",
  "bloodGroup": "O+",
  "gender": "Female",
  "address": "Tirupur",
  "emergencyContact": "+919363637686",
  "parentPhone": "+919876543213",
  "officialEmail": "sowbharniga.cb23@bitsathy.ac.in",
  "validUpto": "2023-2027",
  "studentType": "Hosteller"
}
Stack: Error: getaddrinfo ENOTFOUND api.cloudinary.com
    at GetAddrInfoReqWrap.onlookupall [as oncomplete] (node:dns:122:26)

[2026-03-09T15:34:01.916Z] POST /api/students/login - Status 401 - Error: Invalid Register Number or Name
Headers: {
  "host": "localhost:5000",
  "connection": "close",
  "content-length": "55",
  "sec-ch-ua-platform": "\"Windows\"",
  "user-agent": "Mozilla/5.0 (Windows NT 10.0; Win64; x64) AppleWebKit/537.36 (KHTML, like Gecko) Chrome/145.0.0.0 Safari/537.36",
  "accept": "application/json, text/plain, */*",
  "sec-ch-ua": "\"Not:A-Brand\";v=\"99\", \"Google Chrome\";v=\"145\", \"Chromium\";v=\"145\"",
  "content-type": "application/json",
  "sec-ch-ua-mobile": "?0",
  "origin": "http://localhost:5173",
  "sec-fetch-site": "same-origin",
  "sec-fetch-mode": "cors",
  "sec-fetch-dest": "empty",
  "referer": "http://localhost:5173/",
  "accept-encoding": "gzip, deflate, br, zstd",
  "accept-language": "en-GB,en-US;q=0.9,en;q=0.8,ta;q=0.7"
}
Body: {
  "registerNumber": "7376232CB151",
  "name": "SOWBHARANIGA"
}
Stack: Error: Invalid Register Number or Name
    at file:///C:/Users/HOME/student-ID-generator/backend/controllers/authController.js:92:15
    at process.processTicksAndRejections (node:internal/process/task_queues:105:5)

[2026-03-10T03:21:55.000Z] GET /api/students/verify/7376232CB151 - Status 500 - Error: connect ETIMEDOUT 34.93.248.111:27017
Headers: {
  "host": "localhost:5000",
  "connection": "close",
  "sec-ch-ua-platform": "\"Windows\"",
  "user-agent": "Mozilla/5.0 (Windows NT 10.0; Win64; x64) AppleWebKit/537.36 (KHTML, like Gecko) Chrome/145.0.0.0 Safari/537.36",
  "accept": "application/json, text/plain, */*",
  "sec-ch-ua": "\"Not:A-Brand\";v=\"99\", \"Google Chrome\";v=\"145\", \"Chromium\";v=\"145\"",
  "sec-ch-ua-mobile": "?0",
  "sec-fetch-site": "same-origin",
  "sec-fetch-mode": "cors",
  "sec-fetch-dest": "empty",
  "referer": "http://localhost:5173/verify/7376232CB151",
  "accept-encoding": "gzip, deflate, br, zstd",
  "accept-language": "en-GB,en-US;q=0.9,en;q=0.8,ta;q=0.7",
  "if-none-match": "W/\"400-3+yPCW4SZK0zpgzFS0u5g0I/r3s\""
}
Body: {}
Stack: MongoServerSelectionError: connect ETIMEDOUT 34.93.248.111:27017
    at Topology.selectServer (C:\Users\HOME\student-ID-generator\backend\node_modules\mongodb\lib\sdam\topology.js:346:38)
    at async tryOperation (C:\Users\HOME\student-ID-generator\backend\node_modules\mongodb\lib\operations\execute_operation.js:150:18)
    at async executeOperation (C:\Users\HOME\student-ID-generator\backend\node_modules\mongodb\lib\operations\execute_operation.js:80:16)
    at async FindCursor._initialize (C:\Users\HOME\student-ID-generator\backend\node_modules\mongodb\lib\cursor\find_cursor.js:62:26)
    at async FindCursor.cursorInit (C:\Users\HOME\student-ID-generator\backend\node_modules\mongodb\lib\cursor\abstract_cursor.js:620:27)
    at async FindCursor.fetchBatch (C:\Users\HOME\student-ID-generator\backend\node_modules\mongodb\lib\cursor\abstract_cursor.js:654:13)
    at async FindCursor.next (C:\Users\HOME\student-ID-generator\backend\node_modules\mongodb\lib\cursor\abstract_cursor.js:326:17)
    at async Collection.findOne (C:\Users\HOME\student-ID-generator\backend\node_modules\mongodb\lib\collection.js:313:24)
    at async model.Query._findOne (C:\Users\HOME\student-ID-generator\backend\node_modules\mongoose\lib\query.js:2729:15)
    at async model.Query.exec (C:\Users\HOME\student-ID-generator\backend\node_modules\mongoose\lib\query.js:4662:63)

[2026-03-10T03:27:41.796Z] POST /api/users/login - Status 401 - Error: Invalid email or password
Headers: {
  "host": "localhost:5000",
  "connection": "close",
  "content-length": "55",
  "sec-ch-ua-platform": "\"Windows\"",
  "user-agent": "Mozilla/5.0 (Windows NT 10.0; Win64; x64) AppleWebKit/537.36 (KHTML, like Gecko) Chrome/145.0.0.0 Safari/537.36",
  "accept": "application/json, text/plain, */*",
  "sec-ch-ua": "\"Not:A-Brand\";v=\"99\", \"Google Chrome\";v=\"145\", \"Chromium\";v=\"145\"",
  "content-type": "application/json",
  "sec-ch-ua-mobile": "?0",
  "origin": "http://localhost:5173",
  "sec-fetch-site": "same-origin",
  "sec-fetch-mode": "cors",
  "sec-fetch-dest": "empty",
  "referer": "http://localhost:5173/",
  "accept-encoding": "gzip, deflate, br, zstd",
  "accept-language": "en-GB,en-US;q=0.9,en;q=0.8,ta;q=0.7"
}
Body: {
  "username": "7376232CB156",
  "password": "SUDHARSHANA Mk"
}
Stack: Error: Invalid email or password
    at file:///C:/Users/HOME/student-ID-generator/backend/controllers/authController.js:27:15
    at process.processTicksAndRejections (node:internal/process/task_queues:105:5)

[2026-03-10T03:27:49.813Z] POST /api/users/login - Status 401 - Error: Invalid email or password
Headers: {
  "host": "localhost:5000",
  "connection": "close",
  "content-length": "48",
  "sec-ch-ua-platform": "\"Windows\"",
  "user-agent": "Mozilla/5.0 (Windows NT 10.0; Win64; x64) AppleWebKit/537.36 (KHTML, like Gecko) Chrome/145.0.0.0 Safari/537.36",
  "accept": "application/json, text/plain, */*",
  "sec-ch-ua": "\"Not:A-Brand\";v=\"99\", \"Google Chrome\";v=\"145\", \"Chromium\";v=\"145\"",
  "content-type": "application/json",
  "sec-ch-ua-mobile": "?0",
  "origin": "http://localhost:5173",
  "sec-fetch-site": "same-origin",
  "sec-fetch-mode": "cors",
  "sec-fetch-dest": "empty",
  "referer": "http://localhost:5173/",
  "accept-encoding": "gzip, deflate, br, zstd",
  "accept-language": "en-GB,en-US;q=0.9,en;q=0.8,ta;q=0.7"
}
Body: {
  "username": "7376232CB150",
  "password": "SNEHA t"
}
Stack: Error: Invalid email or password
    at file:///C:/Users/HOME/student-ID-generator/backend/controllers/authController.js:27:15
    at process.processTicksAndRejections (node:internal/process/task_queues:105:5)

[2026-03-10T04:19:38.292Z] POST /api/students/signup - Status 400 - Error: Student with this Register Number or Email already exists
Headers: {
  "host": "localhost:5000",
  "connection": "close",
  "content-length": "178",
  "sec-ch-ua-platform": "\"Windows\"",
  "user-agent": "Mozilla/5.0 (Windows NT 10.0; Win64; x64) AppleWebKit/537.36 (KHTML, like Gecko) Chrome/145.0.0.0 Safari/537.36",
  "accept": "application/json, text/plain, */*",
  "sec-ch-ua": "\"Not:A-Brand\";v=\"99\", \"Google Chrome\";v=\"145\", \"Chromium\";v=\"145\"",
  "content-type": "application/json",
  "sec-ch-ua-mobile": "?0",
  "origin": "http://localhost:5173",
  "sec-fetch-site": "same-origin",
  "sec-fetch-mode": "cors",
  "sec-fetch-dest": "empty",
  "referer": "http://localhost:5173/",
  "accept-encoding": "gzip, deflate, br, zstd",
  "accept-language": "en-GB,en-US;q=0.9,en;q=0.8,ta;q=0.7"
}
Body: {
  "registerNumber": "7376232CB150",
  "name": "SNEHA T",
  "email": "sneha.cb23@bitsathy.ac.in",
  "department": "Computer Science and Business Systems",
  "year": "III",
  "studentType": "Hosteller"
}
Stack: Error: Student with this Register Number or Email already exists
    at file:///C:/Users/HOME/student-ID-generator/backend/controllers/authController.js:127:15
    at process.processTicksAndRejections (node:internal/process/task_queues:105:5)

[2026-03-10T08:03:39.089Z] GET /api/students/profile - Status 401 - Error: Not authorized, token failed: Not authorized, student not found
Headers: {
  "host": "localhost:5000",
  "connection": "close",
  "sec-ch-ua-platform": "\"Windows\"",
  "authorization": "Bearer eyJhbGciOiJIUzI1NiIsInR5cCI6IkpXVCJ9.eyJpZCI6IjY5YWVlOGRhYWNlMWVjYjRmZWRkZGI5NCIsImlhdCI6MTc3MzEyMTQ1NCwiZXhwIjoxNzc1NzEzNDU0fQ.RZClHL6vDvuOjFwpcqnW6WRgbpAeFY1eFdm2Db1h5c8",
  "user-agent": "Mozilla/5.0 (Windows NT 10.0; Win64; x64) AppleWebKit/537.36 (KHTML, like Gecko) Chrome/145.0.0.0 Safari/537.36",
  "accept": "application/json, text/plain, */*",
  "sec-ch-ua": "\"Not:A-Brand\";v=\"99\", \"Google Chrome\";v=\"145\", \"Chromium\";v=\"145\"",
  "sec-ch-ua-mobile": "?0",
  "sec-fetch-site": "same-origin",
  "sec-fetch-mode": "cors",
  "sec-fetch-dest": "empty",
  "referer": "http://localhost:5173/student-dashboard",
  "accept-encoding": "gzip, deflate, br, zstd",
  "accept-language": "en-GB,en-US;q=0.9,en;q=0.8,ta;q=0.7",
  "if-none-match": "W/\"3a2-aG7RBN2VhobFWboTvHBu1EyVwjU\""
}
Body: {}
Stack: Error: Not authorized, token failed: Not authorized, student not found
    at file:///C:/Users/HOME/student-ID-generator/backend/middleware/authMiddleware.js:58:19
    at process.processTicksAndRejections (node:internal/process/task_queues:105:5)

[2026-03-10T08:03:39.821Z] GET /api/students/profile - Status 401 - Error: Not authorized, token failed: Not authorized, student not found
Headers: {
  "host": "localhost:5000",
  "connection": "close",
  "sec-ch-ua-platform": "\"Windows\"",
  "authorization": "Bearer eyJhbGciOiJIUzI1NiIsInR5cCI6IkpXVCJ9.eyJpZCI6IjY5YWVlOGRhYWNlMWVjYjRmZWRkZGI5NCIsImlhdCI6MTc3MzEyMTQ1NCwiZXhwIjoxNzc1NzEzNDU0fQ.RZClHL6vDvuOjFwpcqnW6WRgbpAeFY1eFdm2Db1h5c8",
  "user-agent": "Mozilla/5.0 (Windows NT 10.0; Win64; x64) AppleWebKit/537.36 (KHTML, like Gecko) Chrome/145.0.0.0 Safari/537.36",
  "accept": "application/json, text/plain, */*",
  "sec-ch-ua": "\"Not:A-Brand\";v=\"99\", \"Google Chrome\";v=\"145\", \"Chromium\";v=\"145\"",
  "sec-ch-ua-mobile": "?0",
  "sec-fetch-site": "same-origin",
  "sec-fetch-mode": "cors",
  "sec-fetch-dest": "empty",
  "referer": "http://localhost:5173/student-dashboard",
  "accept-encoding": "gzip, deflate, br, zstd",
  "accept-language": "en-GB,en-US;q=0.9,en;q=0.8,ta;q=0.7",
  "if-none-match": "W/\"3a2-aG7RBN2VhobFWboTvHBu1EyVwjU\""
}
Body: {}
Stack: Error: Not authorized, token failed: Not authorized, student not found
    at file:///C:/Users/HOME/student-ID-generator/backend/middleware/authMiddleware.js:58:19
    at process.processTicksAndRejections (node:internal/process/task_queues:105:5)

[2026-03-10T08:03:39.905Z] GET /api/notifications - Status 401 - Error: Not authorized, token failed: Not authorized, user not found
Headers: {
  "host": "localhost:5000",
  "connection": "close",
  "sec-ch-ua-platform": "\"Windows\"",
  "authorization": "Bearer eyJhbGciOiJIUzI1NiIsInR5cCI6IkpXVCJ9.eyJpZCI6IjY5YWVlOGRhYWNlMWVjYjRmZWRkZGI5NCIsImlhdCI6MTc3MzEyMTQ1NCwiZXhwIjoxNzc1NzEzNDU0fQ.RZClHL6vDvuOjFwpcqnW6WRgbpAeFY1eFdm2Db1h5c8",
  "user-agent": "Mozilla/5.0 (Windows NT 10.0; Win64; x64) AppleWebKit/537.36 (KHTML, like Gecko) Chrome/145.0.0.0 Safari/537.36",
  "accept": "application/json, text/plain, */*",
  "sec-ch-ua": "\"Not:A-Brand\";v=\"99\", \"Google Chrome\";v=\"145\", \"Chromium\";v=\"145\"",
  "sec-ch-ua-mobile": "?0",
  "sec-fetch-site": "same-origin",
  "sec-fetch-mode": "cors",
  "sec-fetch-dest": "empty",
  "referer": "http://localhost:5173/student-dashboard",
  "accept-encoding": "gzip, deflate, br, zstd",
  "accept-language": "en-GB,en-US;q=0.9,en;q=0.8,ta;q=0.7",
  "if-none-match": "W/\"6b6-M1GHlYyrihOewsAHDdE3DiJlFVg\""
}
Body: {}
Stack: Error: Not authorized, token failed: Not authorized, user not found
    at file:///C:/Users/HOME/student-ID-generator/backend/routes/notificationRoutes.js:46:19
    at process.processTicksAndRejections (node:internal/process/task_queues:105:5)

[2026-03-10T08:03:40.030Z] GET /api/notifications - Status 401 - Error: Not authorized, token failed: Not authorized, user not found
Headers: {
  "host": "localhost:5000",
  "connection": "close",
  "sec-ch-ua-platform": "\"Windows\"",
  "authorization": "Bearer eyJhbGciOiJIUzI1NiIsInR5cCI6IkpXVCJ9.eyJpZCI6IjY5YWVlOGRhYWNlMWVjYjRmZWRkZGI5NCIsImlhdCI6MTc3MzEyMTQ1NCwiZXhwIjoxNzc1NzEzNDU0fQ.RZClHL6vDvuOjFwpcqnW6WRgbpAeFY1eFdm2Db1h5c8",
  "user-agent": "Mozilla/5.0 (Windows NT 10.0; Win64; x64) AppleWebKit/537.36 (KHTML, like Gecko) Chrome/145.0.0.0 Safari/537.36",
  "accept": "application/json, text/plain, */*",
  "sec-ch-ua": "\"Not:A-Brand\";v=\"99\", \"Google Chrome\";v=\"145\", \"Chromium\";v=\"145\"",
  "sec-ch-ua-mobile": "?0",
  "sec-fetch-site": "same-origin",
  "sec-fetch-mode": "cors",
  "sec-fetch-dest": "empty",
  "referer": "http://localhost:5173/student-dashboard",
  "accept-encoding": "gzip, deflate, br, zstd",
  "accept-language": "en-GB,en-US;q=0.9,en;q=0.8,ta;q=0.7",
  "if-none-match": "W/\"6b6-M1GHlYyrihOewsAHDdE3DiJlFVg\""
}
Body: {}
Stack: Error: Not authorized, token failed: Not authorized, user not found
    at file:///C:/Users/HOME/student-ID-generator/backend/routes/notificationRoutes.js:46:19
    at process.processTicksAndRejections (node:internal/process/task_queues:105:5)

[2026-03-10T08:04:16.454Z] GET /api/notifications - Status 401 - Error: Not authorized, token failed: Not authorized, user not found
Headers: {
  "host": "localhost:5000",
  "connection": "close",
  "sec-ch-ua-platform": "\"Windows\"",
  "authorization": "Bearer eyJhbGciOiJIUzI1NiIsInR5cCI6IkpXVCJ9.eyJpZCI6IjY5YWVlOGRhYWNlMWVjYjRmZWRkZGI5NCIsImlhdCI6MTc3MzEyMTQ1NCwiZXhwIjoxNzc1NzEzNDU0fQ.RZClHL6vDvuOjFwpcqnW6WRgbpAeFY1eFdm2Db1h5c8",
  "user-agent": "Mozilla/5.0 (Windows NT 10.0; Win64; x64) AppleWebKit/537.36 (KHTML, like Gecko) Chrome/145.0.0.0 Safari/537.36",
  "accept": "application/json, text/plain, */*",
  "sec-ch-ua": "\"Not:A-Brand\";v=\"99\", \"Google Chrome\";v=\"145\", \"Chromium\";v=\"145\"",
  "sec-ch-ua-mobile": "?0",
  "sec-fetch-site": "same-origin",
  "sec-fetch-mode": "cors",
  "sec-fetch-dest": "empty",
  "referer": "http://localhost:5173/student-dashboard",
  "accept-encoding": "gzip, deflate, br, zstd",
  "accept-language": "en-GB,en-US;q=0.9,en;q=0.8,ta;q=0.7",
  "if-none-match": "W/\"6b6-M1GHlYyrihOewsAHDdE3DiJlFVg\""
}
Body: {}
Stack: Error: Not authorized, token failed: Not authorized, user not found
    at file:///C:/Users/HOME/student-ID-generator/backend/routes/notificationRoutes.js:46:19
    at process.processTicksAndRejections (node:internal/process/task_queues:105:5)

[2026-03-10T08:05:10.722Z] GET /api/students/profile - Status 401 - Error: Not authorized, token failed: Not authorized, student not found
Headers: {
  "host": "localhost:5000",
  "connection": "close",
  "sec-ch-ua-platform": "\"Windows\"",
  "authorization": "Bearer eyJhbGciOiJIUzI1NiIsInR5cCI6IkpXVCJ9.eyJpZCI6IjY5YWVlOGRhYWNlMWVjYjRmZWRkZGI5NCIsImlhdCI6MTc3MzEyMTQ1NCwiZXhwIjoxNzc1NzEzNDU0fQ.RZClHL6vDvuOjFwpcqnW6WRgbpAeFY1eFdm2Db1h5c8",
  "user-agent": "Mozilla/5.0 (Windows NT 10.0; Win64; x64) AppleWebKit/537.36 (KHTML, like Gecko) Chrome/145.0.0.0 Safari/537.36",
  "accept": "application/json, text/plain, */*",
  "sec-ch-ua": "\"Not:A-Brand\";v=\"99\", \"Google Chrome\";v=\"145\", \"Chromium\";v=\"145\"",
  "sec-ch-ua-mobile": "?0",
  "sec-fetch-site": "same-origin",
  "sec-fetch-mode": "cors",
  "sec-fetch-dest": "empty",
  "referer": "http://localhost:5173/student-dashboard",
  "accept-encoding": "gzip, deflate, br, zstd",
  "accept-language": "en-GB,en-US;q=0.9,en;q=0.8,ta;q=0.7",
  "if-none-match": "W/\"3a2-aG7RBN2VhobFWboTvHBu1EyVwjU\""
}
Body: {}
Stack: Error: Not authorized, token failed: Not authorized, student not found
    at file:///C:/Users/HOME/student-ID-generator/backend/middleware/authMiddleware.js:58:19
    at process.processTicksAndRejections (node:internal/process/task_queues:105:5)

[2026-03-10T08:05:11.182Z] GET /api/notifications - Status 401 - Error: Not authorized, token failed: Not authorized, user not found
Headers: {
  "host": "localhost:5000",
  "connection": "close",
  "sec-ch-ua-platform": "\"Windows\"",
  "authorization": "Bearer eyJhbGciOiJIUzI1NiIsInR5cCI6IkpXVCJ9.eyJpZCI6IjY5YWVlOGRhYWNlMWVjYjRmZWRkZGI5NCIsImlhdCI6MTc3MzEyMTQ1NCwiZXhwIjoxNzc1NzEzNDU0fQ.RZClHL6vDvuOjFwpcqnW6WRgbpAeFY1eFdm2Db1h5c8",
  "user-agent": "Mozilla/5.0 (Windows NT 10.0; Win64; x64) AppleWebKit/537.36 (KHTML, like Gecko) Chrome/145.0.0.0 Safari/537.36",
  "accept": "application/json, text/plain, */*",
  "sec-ch-ua": "\"Not:A-Brand\";v=\"99\", \"Google Chrome\";v=\"145\", \"Chromium\";v=\"145\"",
  "sec-ch-ua-mobile": "?0",
  "sec-fetch-site": "same-origin",
  "sec-fetch-mode": "cors",
  "sec-fetch-dest": "empty",
  "referer": "http://localhost:5173/student-dashboard",
  "accept-encoding": "gzip, deflate, br, zstd",
  "accept-language": "en-GB,en-US;q=0.9,en;q=0.8,ta;q=0.7",
  "if-none-match": "W/\"6b6-M1GHlYyrihOewsAHDdE3DiJlFVg\""
}
Body: {}
Stack: Error: Not authorized, token failed: Not authorized, user not found
    at file:///C:/Users/HOME/student-ID-generator/backend/routes/notificationRoutes.js:46:19
    at process.processTicksAndRejections (node:internal/process/task_queues:105:5)

[2026-03-10T08:05:53.855Z] GET /api/notifications - Status 401 - Error: Not authorized, token failed: Not authorized, user not found
Headers: {
  "host": "localhost:5000",
  "connection": "close",
  "sec-ch-ua-platform": "\"Windows\"",
  "authorization": "Bearer eyJhbGciOiJIUzI1NiIsInR5cCI6IkpXVCJ9.eyJpZCI6IjY5YWVlOGRhYWNlMWVjYjRmZWRkZGI5NCIsImlhdCI6MTc3MzEyMTQ1NCwiZXhwIjoxNzc1NzEzNDU0fQ.RZClHL6vDvuOjFwpcqnW6WRgbpAeFY1eFdm2Db1h5c8",
  "user-agent": "Mozilla/5.0 (Windows NT 10.0; Win64; x64) AppleWebKit/537.36 (KHTML, like Gecko) Chrome/145.0.0.0 Safari/537.36",
  "accept": "application/json, text/plain, */*",
  "sec-ch-ua": "\"Not:A-Brand\";v=\"99\", \"Google Chrome\";v=\"145\", \"Chromium\";v=\"145\"",
  "sec-ch-ua-mobile": "?0",
  "sec-fetch-site": "same-origin",
  "sec-fetch-mode": "cors",
  "sec-fetch-dest": "empty",
  "referer": "http://localhost:5173/student-dashboard",
  "accept-encoding": "gzip, deflate, br, zstd",
  "accept-language": "en-GB,en-US;q=0.9,en;q=0.8,ta;q=0.7",
  "if-none-match": "W/\"6b5-vhbI+TRIjA/vt8fpRobcBR+wELc\""
}
Body: {}
Stack: Error: Not authorized, token failed: Not authorized, user not found
    at file:///C:/Users/HOME/student-ID-generator/backend/routes/notificationRoutes.js:46:19
    at process.processTicksAndRejections (node:internal/process/task_queues:105:5)

[2026-03-10T08:05:53.893Z] GET /api/students/profile - Status 401 - Error: Not authorized, token failed: Not authorized, student not found
Headers: {
  "host": "localhost:5000",
  "connection": "close",
  "sec-ch-ua-platform": "\"Windows\"",
  "authorization": "Bearer eyJhbGciOiJIUzI1NiIsInR5cCI6IkpXVCJ9.eyJpZCI6IjY5YWVlOGRhYWNlMWVjYjRmZWRkZGI5NCIsImlhdCI6MTc3MzEyMTQ1NCwiZXhwIjoxNzc1NzEzNDU0fQ.RZClHL6vDvuOjFwpcqnW6WRgbpAeFY1eFdm2Db1h5c8",
  "user-agent": "Mozilla/5.0 (Windows NT 10.0; Win64; x64) AppleWebKit/537.36 (KHTML, like Gecko) Chrome/145.0.0.0 Safari/537.36",
  "accept": "application/json, text/plain, */*",
  "sec-ch-ua": "\"Not:A-Brand\";v=\"99\", \"Google Chrome\";v=\"145\", \"Chromium\";v=\"145\"",
  "sec-ch-ua-mobile": "?0",
  "sec-fetch-site": "same-origin",
  "sec-fetch-mode": "cors",
  "sec-fetch-dest": "empty",
  "referer": "http://localhost:5173/student-dashboard",
  "accept-encoding": "gzip, deflate, br, zstd",
  "accept-language": "en-GB,en-US;q=0.9,en;q=0.8,ta;q=0.7",
  "if-none-match": "W/\"3a2-aG7RBN2VhobFWboTvHBu1EyVwjU\""
}
Body: {}
Stack: Error: Not authorized, token failed: Not authorized, student not found
    at file:///C:/Users/HOME/student-ID-generator/backend/middleware/authMiddleware.js:58:19
    at process.processTicksAndRejections (node:internal/process/task_queues:105:5)

[2026-03-20T05:25:11.608Z] GET /api/notifications - Status 401 - Error: Not authorized, token failed: connect ETIMEDOUT 34.93.120.213:27017
Headers: {
  "host": "localhost:5000",
  "connection": "close",
  "sec-ch-ua-platform": "\"Windows\"",
  "authorization": "Bearer eyJhbGciOiJIUzI1NiIsInR5cCI6IkpXVCJ9.eyJpZCI6IjY5OGQ3MTg2M2RkZWY1Zjg0YzEyN2MxMyIsImlhdCI6MTc3Mzk3OTcyOSwiZXhwIjoxNzc2NTcxNzI5fQ.bavi0tSS_DRsJVizKa0sVlxJLZ37tNLmwbRyuL7KPwk",
  "user-agent": "Mozilla/5.0 (Windows NT 10.0; Win64; x64) AppleWebKit/537.36 (KHTML, like Gecko) Chrome/146.0.0.0 Safari/537.36",
  "accept": "application/json, text/plain, */*",
  "sec-ch-ua": "\"Chromium\";v=\"146\", \"Not-A.Brand\";v=\"24\", \"Google Chrome\";v=\"146\"",
  "sec-ch-ua-mobile": "?0",
  "sec-fetch-site": "same-origin",
  "sec-fetch-mode": "cors",
  "sec-fetch-dest": "empty",
  "referer": "http://localhost:5173/admin-dashboard",
  "accept-encoding": "gzip, deflate, br, zstd",
  "accept-language": "en-GB,en-US;q=0.9,en;q=0.8",
  "if-none-match": "W/\"6b5-vhbI+TRIjA/vt8fpRobcBR+wELc\""
}
Body: {}
Stack: Error: Not authorized, token failed: connect ETIMEDOUT 34.93.120.213:27017
    at file:///C:/Users/HOME/student-ID-generator/backend/routes/notificationRoutes.js:46:19

[2026-03-20T05:25:15.071Z] GET /api/notifications - Status 401 - Error: Not authorized, token failed: connect ETIMEDOUT 34.93.120.213:27017
Headers: {
  "host": "localhost:5000",
  "connection": "close",
  "sec-ch-ua-platform": "\"Windows\"",
  "authorization": "Bearer eyJhbGciOiJIUzI1NiIsInR5cCI6IkpXVCJ9.eyJpZCI6IjY5OGQ3MTg2M2RkZWY1Zjg0YzEyN2MxMyIsImlhdCI6MTc3Mzk3OTcyOSwiZXhwIjoxNzc2NTcxNzI5fQ.bavi0tSS_DRsJVizKa0sVlxJLZ37tNLmwbRyuL7KPwk",
  "user-agent": "Mozilla/5.0 (Windows NT 10.0; Win64; x64) AppleWebKit/537.36 (KHTML, like Gecko) Chrome/146.0.0.0 Safari/537.36",
  "accept": "application/json, text/plain, */*",
  "sec-ch-ua": "\"Chromium\";v=\"146\", \"Not-A.Brand\";v=\"24\", \"Google Chrome\";v=\"146\"",
  "sec-ch-ua-mobile": "?0",
  "sec-fetch-site": "same-origin",
  "sec-fetch-mode": "cors",
  "sec-fetch-dest": "empty",
  "referer": "http://localhost:5173/admin-dashboard",
  "accept-encoding": "gzip, deflate, br, zstd",
  "accept-language": "en-GB,en-US;q=0.9,en;q=0.8"
}
Body: {}
Stack: Error: Not authorized, token failed: connect ETIMEDOUT 34.93.120.213:27017
    at file:///C:/Users/HOME/student-ID-generator/backend/routes/notificationRoutes.js:46:19
    at runNextTicks (node:internal/process/task_queues:65:5)
    at listOnTimeout (node:internal/timers:549:9)
    at process.processTimers (node:internal/timers:523:7)

[2026-03-20T05:25:15.666Z] GET /api/students - Status 401 - Error: Not authorized, token failed: connect ETIMEDOUT 34.93.120.213:27017
Headers: {
  "host": "localhost:5000",
  "connection": "close",
  "sec-ch-ua-platform": "\"Windows\"",
  "authorization": "Bearer eyJhbGciOiJIUzI1NiIsInR5cCI6IkpXVCJ9.eyJpZCI6IjY5OGQ3MTg2M2RkZWY1Zjg0YzEyN2MxMyIsImlhdCI6MTc3Mzk3OTcyOSwiZXhwIjoxNzc2NTcxNzI5fQ.bavi0tSS_DRsJVizKa0sVlxJLZ37tNLmwbRyuL7KPwk",
  "user-agent": "Mozilla/5.0 (Windows NT 10.0; Win64; x64) AppleWebKit/537.36 (KHTML, like Gecko) Chrome/146.0.0.0 Safari/537.36",
  "accept": "application/json, text/plain, */*",
  "sec-ch-ua": "\"Chromium\";v=\"146\", \"Not-A.Brand\";v=\"24\", \"Google Chrome\";v=\"146\"",
  "sec-ch-ua-mobile": "?0",
  "sec-fetch-site": "same-origin",
  "sec-fetch-mode": "cors",
  "sec-fetch-dest": "empty",
  "referer": "http://localhost:5173/admin-dashboard",
  "accept-encoding": "gzip, deflate, br, zstd",
  "accept-language": "en-GB,en-US;q=0.9,en;q=0.8",
  "if-none-match": "W/\"2b50-7Om+F7wJGH5aU/zyhvvdiW5Wwpo\""
}
Body: {}
Stack: Error: Not authorized, token failed: connect ETIMEDOUT 34.93.120.213:27017
    at file:///C:/Users/HOME/student-ID-generator/backend/middleware/authMiddleware.js:27:19

[2026-03-20T05:25:35.387Z] GET /api/notifications - Status 401 - Error: Not authorized, token failed: connect ETIMEDOUT 34.93.120.213:27017
Headers: {
  "host": "localhost:5000",
  "connection": "close",
  "sec-ch-ua-platform": "\"Windows\"",
  "authorization": "Bearer eyJhbGciOiJIUzI1NiIsInR5cCI6IkpXVCJ9.eyJpZCI6IjY5OGQ3MTg2M2RkZWY1Zjg0YzEyN2MxMyIsImlhdCI6MTc3Mzk3OTcyOSwiZXhwIjoxNzc2NTcxNzI5fQ.bavi0tSS_DRsJVizKa0sVlxJLZ37tNLmwbRyuL7KPwk",
  "user-agent": "Mozilla/5.0 (Windows NT 10.0; Win64; x64) AppleWebKit/537.36 (KHTML, like Gecko) Chrome/146.0.0.0 Safari/537.36",
  "accept": "application/json, text/plain, */*",
  "sec-ch-ua": "\"Chromium\";v=\"146\", \"Not-A.Brand\";v=\"24\", \"Google Chrome\";v=\"146\"",
  "sec-ch-ua-mobile": "?0",
  "sec-fetch-site": "same-origin",
  "sec-fetch-mode": "cors",
  "sec-fetch-dest": "empty",
  "referer": "http://localhost:5173/admin-dashboard",
  "accept-encoding": "gzip, deflate, br, zstd",
  "accept-language": "en-GB,en-US;q=0.9,en;q=0.8"
}
Body: {}
Stack: Error: Not authorized, token failed: connect ETIMEDOUT 34.93.120.213:27017
    at file:///C:/Users/HOME/student-ID-generator/backend/routes/notificationRoutes.js:46:19

[2026-03-20T05:25:36.613Z] GET /api/students - Status 401 - Error: Not authorized, token failed: connect ETIMEDOUT 34.93.120.213:27017
Headers: {
  "host": "localhost:5000",
  "connection": "close",
  "sec-ch-ua-platform": "\"Windows\"",
  "authorization": "Bearer eyJhbGciOiJIUzI1NiIsInR5cCI6IkpXVCJ9.eyJpZCI6IjY5OGQ3MTg2M2RkZWY1Zjg0YzEyN2MxMyIsImlhdCI6MTc3Mzk3OTcyOSwiZXhwIjoxNzc2NTcxNzI5fQ.bavi0tSS_DRsJVizKa0sVlxJLZ37tNLmwbRyuL7KPwk",
  "user-agent": "Mozilla/5.0 (Windows NT 10.0; Win64; x64) AppleWebKit/537.36 (KHTML, like Gecko) Chrome/146.0.0.0 Safari/537.36",
  "accept": "application/json, text/plain, */*",
  "sec-ch-ua": "\"Chromium\";v=\"146\", \"Not-A.Brand\";v=\"24\", \"Google Chrome\";v=\"146\"",
  "sec-ch-ua-mobile": "?0",
  "sec-fetch-site": "same-origin",
  "sec-fetch-mode": "cors",
  "sec-fetch-dest": "empty",
  "referer": "http://localhost:5173/admin-dashboard",
  "accept-encoding": "gzip, deflate, br, zstd",
  "accept-language": "en-GB,en-US;q=0.9,en;q=0.8"
}
Body: {}
Stack: Error: Not authorized, token failed: connect ETIMEDOUT 34.93.120.213:27017
    at file:///C:/Users/HOME/student-ID-generator/backend/middleware/authMiddleware.js:27:19
    at runNextTicks (node:internal/process/task_queues:65:5)
    at process.processTimers (node:internal/timers:520:9)

[2026-03-20T05:25:46.003Z] GET /api/notifications - Status 401 - Error: Not authorized, token failed: connect ETIMEDOUT 34.93.120.213:27017
Headers: {
  "host": "localhost:5000",
  "connection": "close",
  "sec-ch-ua-platform": "\"Windows\"",
  "authorization": "Bearer eyJhbGciOiJIUzI1NiIsInR5cCI6IkpXVCJ9.eyJpZCI6IjY5OGQ3MTg2M2RkZWY1Zjg0YzEyN2MxMyIsImlhdCI6MTc3Mzk3OTcyOSwiZXhwIjoxNzc2NTcxNzI5fQ.bavi0tSS_DRsJVizKa0sVlxJLZ37tNLmwbRyuL7KPwk",
  "user-agent": "Mozilla/5.0 (Windows NT 10.0; Win64; x64) AppleWebKit/537.36 (KHTML, like Gecko) Chrome/146.0.0.0 Safari/537.36",
  "accept": "application/json, text/plain, */*",
  "sec-ch-ua": "\"Chromium\";v=\"146\", \"Not-A.Brand\";v=\"24\", \"Google Chrome\";v=\"146\"",
  "sec-ch-ua-mobile": "?0",
  "sec-fetch-site": "same-origin",
  "sec-fetch-mode": "cors",
  "sec-fetch-dest": "empty",
  "referer": "http://localhost:5173/admin-dashboard",
  "accept-encoding": "gzip, deflate, br, zstd",
  "accept-language": "en-GB,en-US;q=0.9,en;q=0.8"
}
Body: {}
Stack: Error: Not authorized, token failed: connect ETIMEDOUT 34.93.120.213:27017
    at file:///C:/Users/HOME/student-ID-generator/backend/routes/notificationRoutes.js:46:19

[2026-03-20T05:26:17.661Z] GET /api/students - Status 401 - Error: Not authorized, token failed: connect ETIMEDOUT 34.93.120.213:27017
Headers: {
  "host": "localhost:5000",
  "connection": "close",
  "sec-ch-ua-platform": "\"Windows\"",
  "authorization": "Bearer eyJhbGciOiJIUzI1NiIsInR5cCI6IkpXVCJ9.eyJpZCI6IjY5OGQ3MTg2M2RkZWY1Zjg0YzEyN2MxMyIsImlhdCI6MTc3Mzk3OTcyOSwiZXhwIjoxNzc2NTcxNzI5fQ.bavi0tSS_DRsJVizKa0sVlxJLZ37tNLmwbRyuL7KPwk",
  "user-agent": "Mozilla/5.0 (Windows NT 10.0; Win64; x64) AppleWebKit/537.36 (KHTML, like Gecko) Chrome/146.0.0.0 Safari/537.36",
  "accept": "application/json, text/plain, */*",
  "sec-ch-ua": "\"Chromium\";v=\"146\", \"Not-A.Brand\";v=\"24\", \"Google Chrome\";v=\"146\"",
  "sec-ch-ua-mobile": "?0",
  "sec-fetch-site": "same-origin",
  "sec-fetch-mode": "cors",
  "sec-fetch-dest": "empty",
  "referer": "http://localhost:5173/admin-dashboard",
  "accept-encoding": "gzip, deflate, br, zstd",
  "accept-language": "en-GB,en-US;q=0.9,en;q=0.8",
  "if-none-match": "W/\"2b50-7Om+F7wJGH5aU/zyhvvdiW5Wwpo\""
}
Body: {}
Stack: Error: Not authorized, token failed: connect ETIMEDOUT 34.93.120.213:27017
    at file:///C:/Users/HOME/student-ID-generator/backend/middleware/authMiddleware.js:27:19
    at runNextTicks (node:internal/process/task_queues:65:5)
    at listOnTimeout (node:internal/timers:549:9)
    at process.processTimers (node:internal/timers:523:7)

[2026-03-20T05:26:17.900Z] GET /api/notifications - Status 401 - Error: Not authorized, token failed: connect ETIMEDOUT 34.93.120.213:27017
Headers: {
  "host": "localhost:5000",
  "connection": "close",
  "sec-ch-ua-platform": "\"Windows\"",
  "authorization": "Bearer eyJhbGciOiJIUzI1NiIsInR5cCI6IkpXVCJ9.eyJpZCI6IjY5OGQ3MTg2M2RkZWY1Zjg0YzEyN2MxMyIsImlhdCI6MTc3Mzk3OTcyOSwiZXhwIjoxNzc2NTcxNzI5fQ.bavi0tSS_DRsJVizKa0sVlxJLZ37tNLmwbRyuL7KPwk",
  "user-agent": "Mozilla/5.0 (Windows NT 10.0; Win64; x64) AppleWebKit/537.36 (KHTML, like Gecko) Chrome/146.0.0.0 Safari/537.36",
  "accept": "application/json, text/plain, */*",
  "sec-ch-ua": "\"Chromium\";v=\"146\", \"Not-A.Brand\";v=\"24\", \"Google Chrome\";v=\"146\"",
  "sec-ch-ua-mobile": "?0",
  "sec-fetch-site": "same-origin",
  "sec-fetch-mode": "cors",
  "sec-fetch-dest": "empty",
  "referer": "http://localhost:5173/admin-dashboard",
  "accept-encoding": "gzip, deflate, br, zstd",
  "accept-language": "en-GB,en-US;q=0.9,en;q=0.8"
}
Body: {}
Stack: Error: Not authorized, token failed: connect ETIMEDOUT 34.93.120.213:27017
    at file:///C:/Users/HOME/student-ID-generator/backend/routes/notificationRoutes.js:46:19

[2026-03-20T06:28:21.297Z] UNHANDLED REJECTION: [object Object]

[2026-03-20T06:28:21.924Z] PUT /api/students/profile - Status 500 - Error: Image file format pdf not allowed
Headers: {
  "host": "localhost:5000",
  "connection": "close",
  "content-length": "218590",
  "sec-ch-ua-platform": "\"Windows\"",
  "authorization": "Bearer eyJhbGciOiJIUzI1NiIsInR5cCI6IkpXVCJ9.eyJpZCI6IjY5YTY5YzgzMWE4ZGZkZWYxZTE3NTFmNSIsImlhdCI6MTc3Mzk4ODA2MSwiZXhwIjoxNzc2NTgwMDYxfQ.TCclfKuUq5m5G2VvWX-AvVqnulaweyOS4oBVyrzVIW8",
  "user-agent": "Mozilla/5.0 (Windows NT 10.0; Win64; x64) AppleWebKit/537.36 (KHTML, like Gecko) Chrome/146.0.0.0 Safari/537.36",
  "accept": "application/json, text/plain, */*",
  "sec-ch-ua": "\"Chromium\";v=\"146\", \"Not-A.Brand\";v=\"24\", \"Google Chrome\";v=\"146\"",
  "content-type": "multipart/form-data; boundary=----WebKitFormBoundaryP6I2rAcDcuJcjt36",
  "sec-ch-ua-mobile": "?0",
  "origin": "http://localhost:5173",
  "sec-fetch-site": "same-origin",
  "sec-fetch-mode": "cors",
  "sec-fetch-dest": "empty",
  "referer": "http://localhost:5173/student-dashboard",
  "accept-encoding": "gzip, deflate, br, zstd",
  "accept-language": "en-GB,en-US;q=0.9,en;q=0.8"
}
Body: {
  "name": "SNEHA T",
  "registerNumber": "7376232CB150",
  "department": "COMPUTER SCIENCE AND BUSINESS SYSTEMS",
  "year": "III",
  "dob": "2005-03-14",
  "bloodGroup": "B+",
  "gender": "",
  "address": "Gugai, Salem",
  "emergencyContact": "+917845313454",
  "parentPhone": "+918926243265",
  "officialEmail": "sneha.cb23@bitsathy.ac.in",
  "validUpto": "2023-2027",
  "studentType": "Hosteller"
}
Stack: undefined

[2026-03-23T05:24:17.895Z] POST /api/students/login - Status 401 - Error: Invalid Register Number or Name
Headers: {
  "host": "localhost:5000",
  "connection": "close",
  "content-length": "54",
  "sec-ch-ua-platform": "\"Windows\"",
  "user-agent": "Mozilla/5.0 (Windows NT 10.0; Win64; x64) AppleWebKit/537.36 (KHTML, like Gecko) Chrome/146.0.0.0 Safari/537.36",
  "accept": "application/json, text/plain, */*",
  "sec-ch-ua": "\"Chromium\";v=\"146\", \"Not-A.Brand\";v=\"24\", \"Google Chrome\";v=\"146\"",
  "content-type": "application/json",
  "sec-ch-ua-mobile": "?0",
  "origin": "http://localhost:5173",
  "sec-fetch-site": "same-origin",
  "sec-fetch-mode": "cors",
  "sec-fetch-dest": "empty",
  "referer": "http://localhost:5173/",
  "accept-encoding": "gzip, deflate, br, zstd",
  "accept-language": "en-GB,en-US;q=0.9,en;q=0.8,ta;q=0.7"
}
Body: {
  "registerNumber": "7376232CB156",
  "name": "SUDHARSHANA"
}
Stack: Error: Invalid Register Number or Name
    at file:///C:/Users/HOME/student-ID-generator/backend/controllers/authController.js:92:15
    at process.processTicksAndRejections (node:internal/process/task_queues:105:5)

[2026-03-23T05:24:34.480Z] POST /api/students/login - Status 401 - Error: Invalid Register Number or Name
Headers: {
  "host": "localhost:5000",
  "connection": "close",
  "content-length": "49",
  "sec-ch-ua-platform": "\"Windows\"",
  "user-agent": "Mozilla/5.0 (Windows NT 10.0; Win64; x64) AppleWebKit/537.36 (KHTML, like Gecko) Chrome/146.0.0.0 Safari/537.36",
  "accept": "application/json, text/plain, */*",
  "sec-ch-ua": "\"Chromium\";v=\"146\", \"Not-A.Brand\";v=\"24\", \"Google Chrome\";v=\"146\"",
  "content-type": "application/json",
  "sec-ch-ua-mobile": "?0",
  "origin": "http://localhost:5173",
  "sec-fetch-site": "same-origin",
  "sec-fetch-mode": "cors",
  "sec-fetch-dest": "empty",
  "referer": "http://localhost:5173/",
  "accept-encoding": "gzip, deflate, br, zstd",
  "accept-language": "en-GB,en-US;q=0.9,en;q=0.8,ta;q=0.7"
}
Body: {
  "registerNumber": "7376232CB156",
  "name": "SUDHAR"
}
Stack: Error: Invalid Register Number or Name
    at file:///C:/Users/HOME/student-ID-generator/backend/controllers/authController.js:92:15
    at process.processTicksAndRejections (node:internal/process/task_queues:105:5)

[2026-03-23T05:26:35.318Z] POST /api/students/login - Status 401 - Error: Invalid Register Number or Name
Headers: {
  "host": "localhost:5000",
  "connection": "close",
  "content-length": "57",
  "sec-ch-ua-platform": "\"Windows\"",
  "user-agent": "Mozilla/5.0 (Windows NT 10.0; Win64; x64) AppleWebKit/537.36 (KHTML, like Gecko) Chrome/146.0.0.0 Safari/537.36",
  "accept": "application/json, text/plain, */*",
  "sec-ch-ua": "\"Chromium\";v=\"146\", \"Not-A.Brand\";v=\"24\", \"Google Chrome\";v=\"146\"",
  "content-type": "application/json",
  "sec-ch-ua-mobile": "?0",
  "origin": "http://localhost:5173",
  "sec-fetch-site": "same-origin",
  "sec-fetch-mode": "cors",
  "sec-fetch-dest": "empty",
  "referer": "http://localhost:5173/",
  "accept-encoding": "gzip, deflate, br, zstd",
  "accept-language": "en-GB,en-US;q=0.9,en;q=0.8,ta;q=0.7"
}
Body: {
  "registerNumber": "7376232CB156",
  "name": "SUDHARSHANA MK"
}
Stack: Error: Invalid Register Number or Name
    at file:///C:/Users/HOME/student-ID-generator/backend/controllers/authController.js:92:15
    at process.processTicksAndRejections (node:internal/process/task_queues:105:5)

[2026-03-26T16:27:39.958Z] PUT /api/students/profile - Status 500 - Error: proofFile is not defined
Headers: {
  "host": "localhost:5000",
  "connection": "close",
  "content-length": "1436",
  "sec-ch-ua-platform": "\"Windows\"",
  "authorization": "Bearer eyJhbGciOiJIUzI1NiIsInR5cCI6IkpXVCJ9.eyJpZCI6IjY5YTY5YzgzMWE4ZGZkZWYxZTE3NTFmNSIsImlhdCI6MTc3NDU0MjQxNiwiZXhwIjoxNzc3MTM0NDE2fQ.2vVw0g1w4sT5bkHkMPpeyjrCX8Up2ignjwuqHNV2n9M",
  "user-agent": "Mozilla/5.0 (Windows NT 10.0; Win64; x64) AppleWebKit/537.36 (KHTML, like Gecko) Chrome/146.0.0.0 Safari/537.36",
  "accept": "application/json, text/plain, */*",
  "sec-ch-ua": "\"Chromium\";v=\"146\", \"Not-A.Brand\";v=\"24\", \"Google Chrome\";v=\"146\"",
  "content-type": "multipart/form-data; boundary=----WebKitFormBoundaryc15Az0jQWwFnMbce",
  "sec-ch-ua-mobile": "?0",
  "origin": "http://localhost:5173",
  "sec-fetch-site": "same-origin",
  "sec-fetch-mode": "cors",
  "sec-fetch-dest": "empty",
  "referer": "http://localhost:5173/student-dashboard",
  "accept-encoding": "gzip, deflate, br, zstd",
  "accept-language": "en-GB,en-US;q=0.9,en;q=0.8,ta;q=0.7"
}
Body: {
  "name": "SNEHA T",
  "registerNumber": "7376232CB150",
  "department": "COMPUTER SCIENCE AND BUSINESS SYSTEMS",
  "year": "III",
  "dob": "2005-03-14",
  "bloodGroup": "A-",
  "gender": "",
  "address": "Gan",
  "emergencyContact": "+917845313454",
  "parentPhone": "+918926243265",
  "officialEmail": "sneha.cb23@bitsathy.ac.in",
  "validUpto": "2023-2027",
  "studentType": "Hosteller"
}
Stack: ReferenceError: proofFile is not defined
    at file:///C:/Users/HOME/student-ID-generator/backend/controllers/studentController.js:279:72
    at process.processTicksAndRejections (node:internal/process/task_queues:105:5)

[2026-03-26T16:33:06.539Z] PUT /api/students/profile - Status 500 - Error: proofFile is not defined
Headers: {
  "host": "localhost:5000",
  "connection": "close",
  "content-length": "326560",
  "sec-ch-ua-platform": "\"Windows\"",
  "authorization": "Bearer eyJhbGciOiJIUzI1NiIsInR5cCI6IkpXVCJ9.eyJpZCI6IjY5YTY5YzgzMWE4ZGZkZWYxZTE3NTFmNSIsImlhdCI6MTc3NDU0MjQxNiwiZXhwIjoxNzc3MTM0NDE2fQ.2vVw0g1w4sT5bkHkMPpeyjrCX8Up2ignjwuqHNV2n9M",
  "user-agent": "Mozilla/5.0 (Windows NT 10.0; Win64; x64) AppleWebKit/537.36 (KHTML, like Gecko) Chrome/146.0.0.0 Safari/537.36",
  "accept": "application/json, text/plain, */*",
  "sec-ch-ua": "\"Chromium\";v=\"146\", \"Not-A.Brand\";v=\"24\", \"Google Chrome\";v=\"146\"",
  "content-type": "multipart/form-data; boundary=----WebKitFormBoundaryVFxarpNfWflVxE9H",
  "sec-ch-ua-mobile": "?0",
  "origin": "http://localhost:5173",
  "sec-fetch-site": "same-origin",
  "sec-fetch-mode": "cors",
  "sec-fetch-dest": "empty",
  "referer": "http://localhost:5173/student-dashboard",
  "accept-encoding": "gzip, deflate, br, zstd",
  "accept-language": "en-GB,en-US;q=0.9,en;q=0.8,ta;q=0.7"
}
Body: {
  "name": "SNEHA T",
  "registerNumber": "7376232CB150",
  "department": "COMPUTER SCIENCE AND BUSINESS SYSTEMS",
  "year": "III",
  "dob": "2005-03-14",
  "bloodGroup": "A-",
  "gender": "",
  "address": "Gugai, Salem",
  "emergencyContact": "+917845313454",
  "parentPhone": "+918926243265",
  "officialEmail": "sneha.cb23@bitsathy.ac.in",
  "validUpto": "2023-2027",
  "studentType": "Hosteller"
}
Stack: ReferenceError: proofFile is not defined
    at file:///C:/Users/HOME/student-ID-generator/backend/controllers/studentController.js:277:34
    at process.processTicksAndRejections (node:internal/process/task_queues:105:5)

[2026-03-26T16:36:46.462Z] PUT /api/students/profile - Status 500 - Error: proofFile is not defined
Headers: {
  "host": "localhost:5000",
  "connection": "close",
  "content-length": "326609",
  "sec-ch-ua-platform": "\"Windows\"",
  "authorization": "Bearer eyJhbGciOiJIUzI1NiIsInR5cCI6IkpXVCJ9.eyJpZCI6IjY5YTY5YzgzMWE4ZGZkZWYxZTE3NTFmNSIsImlhdCI6MTc3NDU0MjQxNiwiZXhwIjoxNzc3MTM0NDE2fQ.2vVw0g1w4sT5bkHkMPpeyjrCX8Up2ignjwuqHNV2n9M",
  "user-agent": "Mozilla/5.0 (Windows NT 10.0; Win64; x64) AppleWebKit/537.36 (KHTML, like Gecko) Chrome/146.0.0.0 Safari/537.36",
  "accept": "application/json, text/plain, */*",
  "sec-ch-ua": "\"Chromium\";v=\"146\", \"Not-A.Brand\";v=\"24\", \"Google Chrome\";v=\"146\"",
  "content-type": "multipart/form-data; boundary=----WebKitFormBoundaryRqmGQO9Xzd89yQrB",
  "sec-ch-ua-mobile": "?0",
  "origin": "http://localhost:5173",
  "sec-fetch-site": "same-origin",
  "sec-fetch-mode": "cors",
  "sec-fetch-dest": "empty",
  "referer": "http://localhost:5173/student-dashboard",
  "accept-encoding": "gzip, deflate, br, zstd",
  "accept-language": "en-GB,en-US;q=0.9,en;q=0.8,ta;q=0.7"
}
Body: {
  "name": "SNEHA T",
  "registerNumber": "7376232CB150",
  "department": "COMPUTER SCIENCE AND BUSINESS SYSTEMS",
  "year": "III",
  "dob": "2005-03-14",
  "bloodGroup": "A-",
  "gender": "",
  "address": "123, main street , sathy, erode district , tamilnadu - 638401",
  "emergencyContact": "+917845313454",
  "parentPhone": "+918926243265",
  "officialEmail": "sneha.cb23@bitsathy.ac.in",
  "validUpto": "2023-2027",
  "studentType": "Hosteller"
}
Stack: ReferenceError: proofFile is not defined
    at file:///C:/Users/HOME/student-ID-generator/backend/controllers/studentController.js:279:72
    at process.processTicksAndRejections (node:internal/process/task_queues:105:5)

[2026-03-26T16:36:54.277Z] PUT /api/students/profile - Status 500 - Error: proofFile is not defined
Headers: {
  "host": "localhost:5000",
  "connection": "close",
  "content-length": "326609",
  "sec-ch-ua-platform": "\"Windows\"",
  "authorization": "Bearer eyJhbGciOiJIUzI1NiIsInR5cCI6IkpXVCJ9.eyJpZCI6IjY5YTY5YzgzMWE4ZGZkZWYxZTE3NTFmNSIsImlhdCI6MTc3NDU0MjQxNiwiZXhwIjoxNzc3MTM0NDE2fQ.2vVw0g1w4sT5bkHkMPpeyjrCX8Up2ignjwuqHNV2n9M",
  "user-agent": "Mozilla/5.0 (Windows NT 10.0; Win64; x64) AppleWebKit/537.36 (KHTML, like Gecko) Chrome/146.0.0.0 Safari/537.36",
  "accept": "application/json, text/plain, */*",
  "sec-ch-ua": "\"Chromium\";v=\"146\", \"Not-A.Brand\";v=\"24\", \"Google Chrome\";v=\"146\"",
  "content-type": "multipart/form-data; boundary=----WebKitFormBoundary2kR20KGVeTB90GZp",
  "sec-ch-ua-mobile": "?0",
  "origin": "http://localhost:5173",
  "sec-fetch-site": "same-origin",
  "sec-fetch-mode": "cors",
  "sec-fetch-dest": "empty",
  "referer": "http://localhost:5173/student-dashboard",
  "accept-encoding": "gzip, deflate, br, zstd",
  "accept-language": "en-GB,en-US;q=0.9,en;q=0.8,ta;q=0.7"
}
Body: {
  "name": "SNEHA T",
  "registerNumber": "7376232CB150",
  "department": "COMPUTER SCIENCE AND BUSINESS SYSTEMS",
  "year": "III",
  "dob": "2005-03-14",
  "bloodGroup": "A-",
  "gender": "",
  "address": "123, main street , sathy, erode district , tamilnadu - 638401",
  "emergencyContact": "+917845313454",
  "parentPhone": "+918926243265",
  "officialEmail": "sneha.cb23@bitsathy.ac.in",
  "validUpto": "2023-2027",
  "studentType": "Hosteller"
}
Stack: ReferenceError: proofFile is not defined
    at file:///C:/Users/HOME/student-ID-generator/backend/controllers/studentController.js:279:72
    at process.processTicksAndRejections (node:internal/process/task_queues:105:5)

[2026-03-26T16:37:45.942Z] PUT /api/students/profile - Status 500 - Error: proofFile is not defined
Headers: {
  "host": "localhost:5000",
  "connection": "close",
  "content-length": "326609",
  "sec-ch-ua-platform": "\"Windows\"",
  "authorization": "Bearer eyJhbGciOiJIUzI1NiIsInR5cCI6IkpXVCJ9.eyJpZCI6IjY5YTY5YzgzMWE4ZGZkZWYxZTE3NTFmNSIsImlhdCI6MTc3NDU0MjQxNiwiZXhwIjoxNzc3MTM0NDE2fQ.2vVw0g1w4sT5bkHkMPpeyjrCX8Up2ignjwuqHNV2n9M",
  "user-agent": "Mozilla/5.0 (Windows NT 10.0; Win64; x64) AppleWebKit/537.36 (KHTML, like Gecko) Chrome/146.0.0.0 Safari/537.36",
  "accept": "application/json, text/plain, */*",
  "sec-ch-ua": "\"Chromium\";v=\"146\", \"Not-A.Brand\";v=\"24\", \"Google Chrome\";v=\"146\"",
  "content-type": "multipart/form-data; boundary=----WebKitFormBoundarypGW2rcZzqJKahyGM",
  "sec-ch-ua-mobile": "?0",
  "origin": "http://localhost:5173",
  "sec-fetch-site": "same-origin",
  "sec-fetch-mode": "cors",
  "sec-fetch-dest": "empty",
  "referer": "http://localhost:5173/student-dashboard",
  "accept-encoding": "gzip, deflate, br, zstd",
  "accept-language": "en-GB,en-US;q=0.9,en;q=0.8,ta;q=0.7"
}
Body: {
  "name": "SNEHA T",
  "registerNumber": "7376232CB150",
  "department": "COMPUTER SCIENCE AND BUSINESS SYSTEMS",
  "year": "III",
  "dob": "2005-03-14",
  "bloodGroup": "A-",
  "gender": "",
  "address": "123, main street , sathy, erode district , tamilnadu - 638401",
  "emergencyContact": "+917845313454",
  "parentPhone": "+918926243265",
  "officialEmail": "sneha.cb23@bitsathy.ac.in",
  "validUpto": "2023-2027",
  "studentType": "Hosteller"
}
Stack: ReferenceError: proofFile is not defined
    at file:///C:/Users/HOME/student-ID-generator/backend/controllers/studentController.js:279:72
    at process.processTicksAndRejections (node:internal/process/task_queues:105:5)

[2026-03-26T16:38:07.157Z] PUT /api/students/profile - Status 500 - Error: proofFile is not defined
Headers: {
  "host": "localhost:5000",
  "connection": "close",
  "content-length": "326609",
  "sec-ch-ua-platform": "\"Windows\"",
  "authorization": "Bearer eyJhbGciOiJIUzI1NiIsInR5cCI6IkpXVCJ9.eyJpZCI6IjY5YTY5YzgzMWE4ZGZkZWYxZTE3NTFmNSIsImlhdCI6MTc3NDU0MjQxNiwiZXhwIjoxNzc3MTM0NDE2fQ.2vVw0g1w4sT5bkHkMPpeyjrCX8Up2ignjwuqHNV2n9M",
  "user-agent": "Mozilla/5.0 (Windows NT 10.0; Win64; x64) AppleWebKit/537.36 (KHTML, like Gecko) Chrome/146.0.0.0 Safari/537.36",
  "accept": "application/json, text/plain, */*",
  "sec-ch-ua": "\"Chromium\";v=\"146\", \"Not-A.Brand\";v=\"24\", \"Google Chrome\";v=\"146\"",
  "content-type": "multipart/form-data; boundary=----WebKitFormBoundaryA0K8Iye4n8g9EKqs",
  "sec-ch-ua-mobile": "?0",
  "origin": "http://localhost:5173",
  "sec-fetch-site": "same-origin",
  "sec-fetch-mode": "cors",
  "sec-fetch-dest": "empty",
  "referer": "http://localhost:5173/student-dashboard",
  "accept-encoding": "gzip, deflate, br, zstd",
  "accept-language": "en-GB,en-US;q=0.9,en;q=0.8,ta;q=0.7"
}
Body: {
  "name": "SNEHA T",
  "registerNumber": "7376232CB150",
  "department": "COMPUTER SCIENCE AND BUSINESS SYSTEMS",
  "year": "III",
  "dob": "2005-03-14",
  "bloodGroup": "A-",
  "gender": "",
  "address": "123, main street , sathy, erode district , tamilnadu - 638401",
  "emergencyContact": "+917845313454",
  "parentPhone": "+918926243265",
  "officialEmail": "sneha.cb23@bitsathy.ac.in",
  "validUpto": "2023-2027",
  "studentType": "Hosteller"
}
Stack: ReferenceError: proofFile is not defined
    at file:///C:/Users/HOME/student-ID-generator/backend/controllers/studentController.js:279:72
    at process.processTicksAndRejections (node:internal/process/task_queues:105:5)

[2026-03-27T04:26:49.408Z] GET /api/notifications - Status 401 - Error: Not authorized, token failed: connect ETIMEDOUT 34.93.231.173:27017
Headers: {
  "host": "localhost:5000",
  "connection": "close",
  "sec-ch-ua-platform": "\"Windows\"",
  "authorization": "Bearer eyJhbGciOiJIUzI1NiIsInR5cCI6IkpXVCJ9.eyJpZCI6IjY5OGQ3MTg2M2RkZWY1Zjg0YzEyN2MxMyIsImlhdCI6MTc3NDU0MjQwOSwiZXhwIjoxNzc3MTM0NDA5fQ.Xf43-CQuBp2wq0qV-EfMmjmQ3S1WM1-mwhUmHoidD90",
  "user-agent": "Mozilla/5.0 (Windows NT 10.0; Win64; x64) AppleWebKit/537.36 (KHTML, like Gecko) Chrome/146.0.0.0 Safari/537.36",
  "accept": "application/json, text/plain, */*",
  "sec-ch-ua": "\"Chromium\";v=\"146\", \"Not-A.Brand\";v=\"24\", \"Google Chrome\";v=\"146\"",
  "sec-ch-ua-mobile": "?0",
  "sec-fetch-site": "same-origin",
  "sec-fetch-mode": "cors",
  "sec-fetch-dest": "empty",
  "referer": "http://localhost:5173/admin-dashboard",
  "accept-encoding": "gzip, deflate, br, zstd",
  "accept-language": "en-GB,en-US;q=0.9,en;q=0.8,ta;q=0.7",
  "if-none-match": "W/\"1368-3s1ehN1ZdhTbVcb+WEj5oCZIm0U\""
}
Body: {}
Stack: Error: Not authorized, token failed: connect ETIMEDOUT 34.93.231.173:27017
    at file:///C:/Users/HOME/student-ID-generator/backend/routes/notificationRoutes.js:46:19

[2026-03-27T04:26:53.402Z] GET /api/students - Status 401 - Error: Not authorized, token failed: connect ETIMEDOUT 34.93.231.173:27017
Headers: {
  "host": "localhost:5000",
  "connection": "close",
  "sec-ch-ua-platform": "\"Windows\"",
  "authorization": "Bearer eyJhbGciOiJIUzI1NiIsInR5cCI6IkpXVCJ9.eyJpZCI6IjY5OGQ3MTg2M2RkZWY1Zjg0YzEyN2MxMyIsImlhdCI6MTc3NDU0MjQwOSwiZXhwIjoxNzc3MTM0NDA5fQ.Xf43-CQuBp2wq0qV-EfMmjmQ3S1WM1-mwhUmHoidD90",
  "user-agent": "Mozilla/5.0 (Windows NT 10.0; Win64; x64) AppleWebKit/537.36 (KHTML, like Gecko) Chrome/146.0.0.0 Safari/537.36",
  "accept": "application/json, text/plain, */*",
  "sec-ch-ua": "\"Chromium\";v=\"146\", \"Not-A.Brand\";v=\"24\", \"Google Chrome\";v=\"146\"",
  "sec-ch-ua-mobile": "?0",
  "sec-fetch-site": "same-origin",
  "sec-fetch-mode": "cors",
  "sec-fetch-dest": "empty",
  "referer": "http://localhost:5173/admin-dashboard",
  "accept-encoding": "gzip, deflate, br, zstd",
  "accept-language": "en-GB,en-US;q=0.9,en;q=0.8,ta;q=0.7",
  "if-none-match": "W/\"486e-cr0lnwyBDuSHchpaXm7E3mZl7fM\""
}
Body: {}
Stack: Error: Not authorized, token failed: connect ETIMEDOUT 34.93.231.173:27017
    at file:///C:/Users/HOME/student-ID-generator/backend/middleware/authMiddleware.js:27:19
    at runNextTicks (node:internal/process/task_queues:65:5)
    at process.processTimers (node:internal/timers:520:9)

[2026-03-27T04:27:46.732Z] GET /api/notifications - Status 401 - Error: Not authorized, token failed: connect ETIMEDOUT 34.93.231.173:27017
Headers: {
  "host": "localhost:5000",
  "connection": "close",
  "sec-ch-ua-platform": "\"Windows\"",
  "authorization": "Bearer eyJhbGciOiJIUzI1NiIsInR5cCI6IkpXVCJ9.eyJpZCI6IjY5OGQ3MTg2M2RkZWY1Zjg0YzEyN2MxMyIsImlhdCI6MTc3NDU0MjQwOSwiZXhwIjoxNzc3MTM0NDA5fQ.Xf43-CQuBp2wq0qV-EfMmjmQ3S1WM1-mwhUmHoidD90",
  "user-agent": "Mozilla/5.0 (Windows NT 10.0; Win64; x64) AppleWebKit/537.36 (KHTML, like Gecko) Chrome/146.0.0.0 Safari/537.36",
  "accept": "application/json, text/plain, */*",
  "sec-ch-ua": "\"Chromium\";v=\"146\", \"Not-A.Brand\";v=\"24\", \"Google Chrome\";v=\"146\"",
  "sec-ch-ua-mobile": "?0",
  "sec-fetch-site": "same-origin",
  "sec-fetch-mode": "cors",
  "sec-fetch-dest": "empty",
  "referer": "http://localhost:5173/admin-dashboard",
  "accept-encoding": "gzip, deflate, br, zstd",
  "accept-language": "en-GB,en-US;q=0.9,en;q=0.8,ta;q=0.7"
}
Body: {}
Stack: Error: Not authorized, token failed: connect ETIMEDOUT 34.93.231.173:27017
    at file:///C:/Users/HOME/student-ID-generator/backend/routes/notificationRoutes.js:46:19

[2026-03-27T04:27:49.166Z] GET /api/notifications - Status 401 - Error: Not authorized, token failed: connect ETIMEDOUT 34.93.231.173:27017
Headers: {
  "host": "localhost:5000",
  "connection": "close",
  "sec-ch-ua-platform": "\"Windows\"",
  "authorization": "Bearer eyJhbGciOiJIUzI1NiIsInR5cCI6IkpXVCJ9.eyJpZCI6IjY5YTY5YzgzMWE4ZGZkZWYxZTE3NTFmNSIsImlhdCI6MTc3NDU0MjQxNiwiZXhwIjoxNzc3MTM0NDE2fQ.2vVw0g1w4sT5bkHkMPpeyjrCX8Up2ignjwuqHNV2n9M",
  "user-agent": "Mozilla/5.0 (Windows NT 10.0; Win64; x64) AppleWebKit/537.36 (KHTML, like Gecko) Chrome/146.0.0.0 Safari/537.36",
  "accept": "application/json, text/plain, */*",
  "sec-ch-ua": "\"Chromium\";v=\"146\", \"Not-A.Brand\";v=\"24\", \"Google Chrome\";v=\"146\"",
  "sec-ch-ua-mobile": "?0",
  "sec-fetch-site": "same-origin",
  "sec-fetch-mode": "cors",
  "sec-fetch-dest": "empty",
  "referer": "http://localhost:5173/student-dashboard",
  "accept-encoding": "gzip, deflate, br, zstd",
  "accept-language": "en-GB,en-US;q=0.9,en;q=0.8,ta;q=0.7",
  "if-none-match": "W/\"1368-3s1ehN1ZdhTbVcb+WEj5oCZIm0U\""
}
Body: {}
Stack: Error: Not authorized, token failed: connect ETIMEDOUT 34.93.231.173:27017
    at file:///C:/Users/HOME/student-ID-generator/backend/routes/notificationRoutes.js:46:19

[2026-03-27T04:27:49.864Z] GET /api/students/profile - Status 401 - Error: Not authorized, token failed: connect ETIMEDOUT 34.93.231.173:27017
Headers: {
  "host": "localhost:5000",
  "connection": "close",
  "sec-ch-ua-platform": "\"Windows\"",
  "authorization": "Bearer eyJhbGciOiJIUzI1NiIsInR5cCI6IkpXVCJ9.eyJpZCI6IjY5YTY5YzgzMWE4ZGZkZWYxZTE3NTFmNSIsImlhdCI6MTc3NDU0MjQxNiwiZXhwIjoxNzc3MTM0NDE2fQ.2vVw0g1w4sT5bkHkMPpeyjrCX8Up2ignjwuqHNV2n9M",
  "user-agent": "Mozilla/5.0 (Windows NT 10.0; Win64; x64) AppleWebKit/537.36 (KHTML, like Gecko) Chrome/146.0.0.0 Safari/537.36",
  "accept": "application/json, text/plain, */*",
  "sec-ch-ua": "\"Chromium\";v=\"146\", \"Not-A.Brand\";v=\"24\", \"Google Chrome\";v=\"146\"",
  "sec-ch-ua-mobile": "?0",
  "sec-fetch-site": "same-origin",
  "sec-fetch-mode": "cors",
  "sec-fetch-dest": "empty",
  "referer": "http://localhost:5173/student-dashboard",
  "accept-encoding": "gzip, deflate, br, zstd",
  "accept-language": "en-GB,en-US;q=0.9,en;q=0.8,ta;q=0.7",
  "if-none-match": "W/\"1890-4LL1YfYAgXOpG630BhRG2VCk3zk\""
}
Body: {}
Stack: Error: Not authorized, token failed: connect ETIMEDOUT 34.93.231.173:27017
    at file:///C:/Users/HOME/student-ID-generator/backend/middleware/authMiddleware.js:58:19
    at runNextTicks (node:internal/process/task_queues:65:5)
    at listOnTimeout (node:internal/timers:549:9)
    at process.processTimers (node:internal/timers:523:7)

[2026-03-27T04:28:36.082Z] GET /api/notifications - Status 401 - Error: Not authorized, token failed: connect ETIMEDOUT 34.93.231.173:27017
Headers: {
  "host": "localhost:5000",
  "connection": "close",
  "sec-ch-ua-platform": "\"Windows\"",
  "authorization": "Bearer eyJhbGciOiJIUzI1NiIsInR5cCI6IkpXVCJ9.eyJpZCI6IjY5OGQ3MTg2M2RkZWY1Zjg0YzEyN2MxMyIsImlhdCI6MTc3NDU0MjQwOSwiZXhwIjoxNzc3MTM0NDA5fQ.Xf43-CQuBp2wq0qV-EfMmjmQ3S1WM1-mwhUmHoidD90",
  "user-agent": "Mozilla/5.0 (Windows NT 10.0; Win64; x64) AppleWebKit/537.36 (KHTML, like Gecko) Chrome/146.0.0.0 Safari/537.36",
  "accept": "application/json, text/plain, */*",
  "sec-ch-ua": "\"Chromium\";v=\"146\", \"Not-A.Brand\";v=\"24\", \"Google Chrome\";v=\"146\"",
  "sec-ch-ua-mobile": "?0",
  "sec-fetch-site": "same-origin",
  "sec-fetch-mode": "cors",
  "sec-fetch-dest": "empty",
  "referer": "http://localhost:5173/admin-dashboard",
  "accept-encoding": "gzip, deflate, br, zstd",
  "accept-language": "en-GB,en-US;q=0.9,en;q=0.8,ta;q=0.7"
}
Body: {}
Stack: Error: Not authorized, token failed: connect ETIMEDOUT 34.93.231.173:27017
    at file:///C:/Users/HOME/student-ID-generator/backend/routes/notificationRoutes.js:46:19

[2026-03-27T04:28:40.389Z] GET /api/notifications - Status 401 - Error: Not authorized, token failed: connect ETIMEDOUT 34.93.231.173:27017
Headers: {
  "host": "localhost:5000",
  "connection": "close",
  "sec-ch-ua-platform": "\"Windows\"",
  "authorization": "Bearer eyJhbGciOiJIUzI1NiIsInR5cCI6IkpXVCJ9.eyJpZCI6IjY5YTY5YzgzMWE4ZGZkZWYxZTE3NTFmNSIsImlhdCI6MTc3NDU0MjQxNiwiZXhwIjoxNzc3MTM0NDE2fQ.2vVw0g1w4sT5bkHkMPpeyjrCX8Up2ignjwuqHNV2n9M",
  "user-agent": "Mozilla/5.0 (Windows NT 10.0; Win64; x64) AppleWebKit/537.36 (KHTML, like Gecko) Chrome/146.0.0.0 Safari/537.36",
  "accept": "application/json, text/plain, */*",
  "sec-ch-ua": "\"Chromium\";v=\"146\", \"Not-A.Brand\";v=\"24\", \"Google Chrome\";v=\"146\"",
  "sec-ch-ua-mobile": "?0",
  "sec-fetch-site": "same-origin",
  "sec-fetch-mode": "cors",
  "sec-fetch-dest": "empty",
  "referer": "http://localhost:5173/student-dashboard",
  "accept-encoding": "gzip, deflate, br, zstd",
  "accept-language": "en-GB,en-US;q=0.9,en;q=0.8,ta;q=0.7"
}
Body: {}
Stack: Error: Not authorized, token failed: connect ETIMEDOUT 34.93.231.173:27017
    at file:///C:/Users/HOME/student-ID-generator/backend/routes/notificationRoutes.js:46:19
    at runNextTicks (node:internal/process/task_queues:65:5)
    at listOnTimeout (node:internal/timers:549:9)
    at process.processTimers (node:internal/timers:523:7)

[2026-03-27T04:28:41.599Z] GET /api/students/profile - Status 401 - Error: Not authorized, token failed: connect ETIMEDOUT 34.93.231.173:27017
Headers: {
  "host": "localhost:5000",
  "connection": "close",
  "sec-ch-ua-platform": "\"Windows\"",
  "authorization": "Bearer eyJhbGciOiJIUzI1NiIsInR5cCI6IkpXVCJ9.eyJpZCI6IjY5YTY5YzgzMWE4ZGZkZWYxZTE3NTFmNSIsImlhdCI6MTc3NDU0MjQxNiwiZXhwIjoxNzc3MTM0NDE2fQ.2vVw0g1w4sT5bkHkMPpeyjrCX8Up2ignjwuqHNV2n9M",
  "user-agent": "Mozilla/5.0 (Windows NT 10.0; Win64; x64) AppleWebKit/537.36 (KHTML, like Gecko) Chrome/146.0.0.0 Safari/537.36",
  "accept": "application/json, text/plain, */*",
  "sec-ch-ua": "\"Chromium\";v=\"146\", \"Not-A.Brand\";v=\"24\", \"Google Chrome\";v=\"146\"",
  "sec-ch-ua-mobile": "?0",
  "sec-fetch-site": "same-origin",
  "sec-fetch-mode": "cors",
  "sec-fetch-dest": "empty",
  "referer": "http://localhost:5173/student-dashboard",
  "accept-encoding": "gzip, deflate, br, zstd",
  "accept-language": "en-GB,en-US;q=0.9,en;q=0.8,ta;q=0.7"
}
Body: {}
Stack: Error: Not authorized, token failed: connect ETIMEDOUT 34.93.231.173:27017
    at file:///C:/Users/HOME/student-ID-generator/backend/middleware/authMiddleware.js:58:19

[2026-03-27T04:28:42.727Z] GET /api/students - Status 401 - Error: Not authorized, token failed: connect ETIMEDOUT 34.93.231.173:27017
Headers: {
  "host": "localhost:5000",
  "connection": "close",
  "sec-ch-ua-platform": "\"Windows\"",
  "authorization": "Bearer eyJhbGciOiJIUzI1NiIsInR5cCI6IkpXVCJ9.eyJpZCI6IjY5OGQ3MTg2M2RkZWY1Zjg0YzEyN2MxMyIsImlhdCI6MTc3NDU0MjQwOSwiZXhwIjoxNzc3MTM0NDA5fQ.Xf43-CQuBp2wq0qV-EfMmjmQ3S1WM1-mwhUmHoidD90",
  "user-agent": "Mozilla/5.0 (Windows NT 10.0; Win64; x64) AppleWebKit/537.36 (KHTML, like Gecko) Chrome/146.0.0.0 Safari/537.36",
  "accept": "application/json, text/plain, */*",
  "sec-ch-ua": "\"Chromium\";v=\"146\", \"Not-A.Brand\";v=\"24\", \"Google Chrome\";v=\"146\"",
  "sec-ch-ua-mobile": "?0",
  "sec-fetch-site": "same-origin",
  "sec-fetch-mode": "cors",
  "sec-fetch-dest": "empty",
  "referer": "http://localhost:5173/admin-dashboard",
  "accept-encoding": "gzip, deflate, br, zstd",
  "accept-language": "en-GB,en-US;q=0.9,en;q=0.8,ta;q=0.7",
  "if-none-match": "W/\"486e-cr0lnwyBDuSHchpaXm7E3mZl7fM\""
}
Body: {}
Stack: Error: Not authorized, token failed: connect ETIMEDOUT 34.93.231.173:27017
    at file:///C:/Users/HOME/student-ID-generator/backend/middleware/authMiddleware.js:27:19

[2026-03-27T04:29:01.320Z] GET /api/notifications - Status 401 - Error: Not authorized, token failed: connect ETIMEDOUT 34.93.231.173:27017
Headers: {
  "host": "localhost:5000",
  "connection": "close",
  "sec-ch-ua-platform": "\"Windows\"",
  "authorization": "Bearer eyJhbGciOiJIUzI1NiIsInR5cCI6IkpXVCJ9.eyJpZCI6IjY5YTY5YzgzMWE4ZGZkZWYxZTE3NTFmNSIsImlhdCI6MTc3NDU0MjQxNiwiZXhwIjoxNzc3MTM0NDE2fQ.2vVw0g1w4sT5bkHkMPpeyjrCX8Up2ignjwuqHNV2n9M",
  "user-agent": "Mozilla/5.0 (Windows NT 10.0; Win64; x64) AppleWebKit/537.36 (KHTML, like Gecko) Chrome/146.0.0.0 Safari/537.36",
  "accept": "application/json, text/plain, */*",
  "sec-ch-ua": "\"Chromium\";v=\"146\", \"Not-A.Brand\";v=\"24\", \"Google Chrome\";v=\"146\"",
  "sec-ch-ua-mobile": "?0",
  "sec-fetch-site": "same-origin",
  "sec-fetch-mode": "cors",
  "sec-fetch-dest": "empty",
  "referer": "http://localhost:5173/student-dashboard",
  "accept-encoding": "gzip, deflate, br, zstd",
  "accept-language": "en-GB,en-US;q=0.9,en;q=0.8,ta;q=0.7"
}
Body: {}
Stack: Error: Not authorized, token failed: connect ETIMEDOUT 34.93.231.173:27017
    at file:///C:/Users/HOME/student-ID-generator/backend/routes/notificationRoutes.js:46:19
    at runNextTicks (node:internal/process/task_queues:65:5)
    at listOnTimeout (node:internal/timers:549:9)
    at process.processTimers (node:internal/timers:523:7)

[2026-03-27T04:29:02.332Z] GET /api/students/profile - Status 401 - Error: Not authorized, token failed: connect ETIMEDOUT 34.93.231.173:27017
Headers: {
  "host": "localhost:5000",
  "connection": "close",
  "sec-ch-ua-platform": "\"Windows\"",
  "authorization": "Bearer eyJhbGciOiJIUzI1NiIsInR5cCI6IkpXVCJ9.eyJpZCI6IjY5YTY5YzgzMWE4ZGZkZWYxZTE3NTFmNSIsImlhdCI6MTc3NDU0MjQxNiwiZXhwIjoxNzc3MTM0NDE2fQ.2vVw0g1w4sT5bkHkMPpeyjrCX8Up2ignjwuqHNV2n9M",
  "user-agent": "Mozilla/5.0 (Windows NT 10.0; Win64; x64) AppleWebKit/537.36 (KHTML, like Gecko) Chrome/146.0.0.0 Safari/537.36",
  "accept": "application/json, text/plain, */*",
  "sec-ch-ua": "\"Chromium\";v=\"146\", \"Not-A.Brand\";v=\"24\", \"Google Chrome\";v=\"146\"",
  "sec-ch-ua-mobile": "?0",
  "sec-fetch-site": "same-origin",
  "sec-fetch-mode": "cors",
  "sec-fetch-dest": "empty",
  "referer": "http://localhost:5173/student-dashboard",
  "accept-encoding": "gzip, deflate, br, zstd",
  "accept-language": "en-GB,en-US;q=0.9,en;q=0.8,ta;q=0.7"
}
Body: {}
Stack: Error: Not authorized, token failed: connect ETIMEDOUT 34.93.231.173:27017
    at file:///C:/Users/HOME/student-ID-generator/backend/middleware/authMiddleware.js:58:19

[2026-03-27T04:29:02.644Z] GET /api/notifications - Status 401 - Error: Not authorized, token failed: connect ETIMEDOUT 34.93.231.173:27017
Headers: {
  "host": "localhost:5000",
  "connection": "close",
  "sec-ch-ua-platform": "\"Windows\"",
  "authorization": "Bearer eyJhbGciOiJIUzI1NiIsInR5cCI6IkpXVCJ9.eyJpZCI6IjY5OGQ3MTg2M2RkZWY1Zjg0YzEyN2MxMyIsImlhdCI6MTc3NDU0MjQwOSwiZXhwIjoxNzc3MTM0NDA5fQ.Xf43-CQuBp2wq0qV-EfMmjmQ3S1WM1-mwhUmHoidD90",
  "user-agent": "Mozilla/5.0 (Windows NT 10.0; Win64; x64) AppleWebKit/537.36 (KHTML, like Gecko) Chrome/146.0.0.0 Safari/537.36",
  "accept": "application/json, text/plain, */*",
  "sec-ch-ua": "\"Chromium\";v=\"146\", \"Not-A.Brand\";v=\"24\", \"Google Chrome\";v=\"146\"",
  "sec-ch-ua-mobile": "?0",
  "sec-fetch-site": "same-origin",
  "sec-fetch-mode": "cors",
  "sec-fetch-dest": "empty",
  "referer": "http://localhost:5173/admin-dashboard",
  "accept-encoding": "gzip, deflate, br, zstd",
  "accept-language": "en-GB,en-US;q=0.9,en;q=0.8,ta;q=0.7"
}
Body: {}
Stack: Error: Not authorized, token failed: connect ETIMEDOUT 34.93.231.173:27017
    at file:///C:/Users/HOME/student-ID-generator/backend/routes/notificationRoutes.js:46:19

[2026-03-27T04:29:13.517Z] GET /api/notifications - Status 401 - Error: Not authorized, token failed: connect ETIMEDOUT 34.93.231.173:27017
Headers: {
  "host": "localhost:5000",
  "connection": "close",
  "sec-ch-ua-platform": "\"Windows\"",
  "authorization": "Bearer eyJhbGciOiJIUzI1NiIsInR5cCI6IkpXVCJ9.eyJpZCI6IjY5OGQ3MTg2M2RkZWY1Zjg0YzEyN2MxMyIsImlhdCI6MTc3NDU0MjQwOSwiZXhwIjoxNzc3MTM0NDA5fQ.Xf43-CQuBp2wq0qV-EfMmjmQ3S1WM1-mwhUmHoidD90",
  "user-agent": "Mozilla/5.0 (Windows NT 10.0; Win64; x64) AppleWebKit/537.36 (KHTML, like Gecko) Chrome/146.0.0.0 Safari/537.36",
  "accept": "application/json, text/plain, */*",
  "sec-ch-ua": "\"Chromium\";v=\"146\", \"Not-A.Brand\";v=\"24\", \"Google Chrome\";v=\"146\"",
  "sec-ch-ua-mobile": "?0",
  "sec-fetch-site": "same-origin",
  "sec-fetch-mode": "cors",
  "sec-fetch-dest": "empty",
  "referer": "http://localhost:5173/admin-dashboard",
  "accept-encoding": "gzip, deflate, br, zstd",
  "accept-language": "en-GB,en-US;q=0.9,en;q=0.8,ta;q=0.7"
}
Body: {}
Stack: Error: Not authorized, token failed: connect ETIMEDOUT 34.93.231.173:27017
    at file:///C:/Users/HOME/student-ID-generator/backend/routes/notificationRoutes.js:46:19

[2026-03-27T04:29:14.303Z] GET /api/students - Status 401 - Error: Not authorized, token failed: connect ETIMEDOUT 34.93.231.173:27017
Headers: {
  "host": "localhost:5000",
  "connection": "close",
  "sec-ch-ua-platform": "\"Windows\"",
  "authorization": "Bearer eyJhbGciOiJIUzI1NiIsInR5cCI6IkpXVCJ9.eyJpZCI6IjY5OGQ3MTg2M2RkZWY1Zjg0YzEyN2MxMyIsImlhdCI6MTc3NDU0MjQwOSwiZXhwIjoxNzc3MTM0NDA5fQ.Xf43-CQuBp2wq0qV-EfMmjmQ3S1WM1-mwhUmHoidD90",
  "user-agent": "Mozilla/5.0 (Windows NT 10.0; Win64; x64) AppleWebKit/537.36 (KHTML, like Gecko) Chrome/146.0.0.0 Safari/537.36",
  "accept": "application/json, text/plain, */*",
  "sec-ch-ua": "\"Chromium\";v=\"146\", \"Not-A.Brand\";v=\"24\", \"Google Chrome\";v=\"146\"",
  "sec-ch-ua-mobile": "?0",
  "sec-fetch-site": "same-origin",
  "sec-fetch-mode": "cors",
  "sec-fetch-dest": "empty",
  "referer": "http://localhost:5173/admin-dashboard",
  "accept-encoding": "gzip, deflate, br, zstd",
  "accept-language": "en-GB,en-US;q=0.9,en;q=0.8,ta;q=0.7"
}
Body: {}
Stack: Error: Not authorized, token failed: connect ETIMEDOUT 34.93.231.173:27017
    at file:///C:/Users/HOME/student-ID-generator/backend/middleware/authMiddleware.js:27:19

[2026-03-27T04:29:16.043Z] GET /api/notifications - Status 401 - Error: Not authorized, token failed: connect ETIMEDOUT 34.93.231.173:27017
Headers: {
  "host": "localhost:5000",
  "connection": "close",
  "sec-ch-ua-platform": "\"Windows\"",
  "authorization": "Bearer eyJhbGciOiJIUzI1NiIsInR5cCI6IkpXVCJ9.eyJpZCI6IjY5YTY5YzgzMWE4ZGZkZWYxZTE3NTFmNSIsImlhdCI6MTc3NDU0MjQxNiwiZXhwIjoxNzc3MTM0NDE2fQ.2vVw0g1w4sT5bkHkMPpeyjrCX8Up2ignjwuqHNV2n9M",
  "user-agent": "Mozilla/5.0 (Windows NT 10.0; Win64; x64) AppleWebKit/537.36 (KHTML, like Gecko) Chrome/146.0.0.0 Safari/537.36",
  "accept": "application/json, text/plain, */*",
  "sec-ch-ua": "\"Chromium\";v=\"146\", \"Not-A.Brand\";v=\"24\", \"Google Chrome\";v=\"146\"",
  "sec-ch-ua-mobile": "?0",
  "sec-fetch-site": "same-origin",
  "sec-fetch-mode": "cors",
  "sec-fetch-dest": "empty",
  "referer": "http://localhost:5173/student-dashboard",
  "accept-encoding": "gzip, deflate, br, zstd",
  "accept-language": "en-GB,en-US;q=0.9,en;q=0.8,ta;q=0.7"
}
Body: {}
Stack: Error: Not authorized, token failed: connect ETIMEDOUT 34.93.231.173:27017
    at file:///C:/Users/HOME/student-ID-generator/backend/routes/notificationRoutes.js:46:19

